2020-04-09 15:36:04.444 [restartedMain] ERROR o.s.b.diagnostics.LoggingFailureAnalysisReporter - 

***************************
APPLICATION FAILED TO START
***************************

Description:

Field eduVideoService in com.atguigu.serviceedu.service.impl.EduChapterServiceImpl required a bean of type 'com.atguigu.serviceedu.service.EduVideoService' that could not be found.

The injection point has the following annotations:
	- @org.springframework.beans.factory.annotation.Autowired(required=true)


Action:

Consider defining a bean of type 'com.atguigu.serviceedu.service.EduVideoService' in your configuration.

2020-04-09 15:40:37.313 [restartedMain] ERROR o.s.b.diagnostics.LoggingFailureAnalysisReporter - 

***************************
APPLICATION FAILED TO START
***************************

Description:

Field eduChapterService in com.atguigu.serviceedu.controller.EduChapterController required a bean of type 'com.atguigu.serviceedu.service.EduChapterService' that could not be found.

The injection point has the following annotations:
	- @org.springframework.beans.factory.annotation.Autowired(required=true)


Action:

Consider defining a bean of type 'com.atguigu.serviceedu.service.EduChapterService' in your configuration.

2020-04-09 16:06:45.740 [http-nio-8081-exec-6] ERROR c.a.serviceedu.controller.EduChapterController - 
### Error updating database.  Cause: java.sql.SQLException: Field 'course_id' doesn't have a default value
### The error may involve com.atguigu.serviceedu.mapper.EduChapterMapper.insert-Inline
### The error occurred while setting parameters
### SQL: INSERT INTO edu_chapter  ( id,  title, sort )  VALUES  ( ?,  ?, ? )
### Cause: java.sql.SQLException: Field 'course_id' doesn't have a default value
; Field 'course_id' doesn't have a default value; nested exception is java.sql.SQLException: Field 'course_id' doesn't have a default value
2020-04-09 16:39:38.579 [http-nio-8081-exec-14] ERROR c.a.serviceedu.controller.EduChapterController - 
### Error updating database.  Cause: java.sql.SQLIntegrityConstraintViolationException: Duplicate entry '1248161658711330818' for key 'PRIMARY'
### The error may involve com.atguigu.serviceedu.mapper.EduChapterMapper.insert-Inline
### The error occurred while setting parameters
### SQL: INSERT INTO edu_chapter  ( id, course_id, title, sort, gmt_create, gmt_modified )  VALUES  ( ?, ?, ?, ?, ?, ? )
### Cause: java.sql.SQLIntegrityConstraintViolationException: Duplicate entry '1248161658711330818' for key 'PRIMARY'
; Duplicate entry '1248161658711330818' for key 'PRIMARY'; nested exception is java.sql.SQLIntegrityConstraintViolationException: Duplicate entry '1248161658711330818' for key 'PRIMARY'
2020-04-09 16:41:28.781 [http-nio-8081-exec-20] ERROR c.a.serviceedu.controller.EduChapterController - 
### Error updating database.  Cause: java.sql.SQLIntegrityConstraintViolationException: Duplicate entry '1248161658711330818' for key 'PRIMARY'
### The error may involve com.atguigu.serviceedu.mapper.EduChapterMapper.insert-Inline
### The error occurred while setting parameters
### SQL: INSERT INTO edu_chapter  ( id, course_id, title, sort, gmt_create, gmt_modified )  VALUES  ( ?, ?, ?, ?, ?, ? )
### Cause: java.sql.SQLIntegrityConstraintViolationException: Duplicate entry '1248161658711330818' for key 'PRIMARY'
; Duplicate entry '1248161658711330818' for key 'PRIMARY'; nested exception is java.sql.SQLIntegrityConstraintViolationException: Duplicate entry '1248161658711330818' for key 'PRIMARY'
2020-04-09 16:42:32.740 [http-nio-8081-exec-26] ERROR c.a.serviceedu.controller.EduChapterController - 
### Error updating database.  Cause: java.sql.SQLIntegrityConstraintViolationException: Duplicate entry '1248162035733123073' for key 'PRIMARY'
### The error may involve com.atguigu.serviceedu.mapper.EduChapterMapper.insert-Inline
### The error occurred while setting parameters
### SQL: INSERT INTO edu_chapter  ( id, course_id, title, sort, gmt_create, gmt_modified )  VALUES  ( ?, ?, ?, ?, ?, ? )
### Cause: java.sql.SQLIntegrityConstraintViolationException: Duplicate entry '1248162035733123073' for key 'PRIMARY'
; Duplicate entry '1248162035733123073' for key 'PRIMARY'; nested exception is java.sql.SQLIntegrityConstraintViolationException: Duplicate entry '1248162035733123073' for key 'PRIMARY'
2020-04-09 17:09:17.151 [restartedMain] ERROR org.springframework.boot.SpringApplication - Application run failed
org.springframework.beans.factory.UnsatisfiedDependencyException: Error creating bean with name 'eduChapterController': Unsatisfied dependency expressed through field 'eduChapterService'; nested exception is org.springframework.beans.factory.BeanCreationException: Error creating bean with name 'eduChapterServiceImpl' defined in file [E:\springboot-resource\atguigus\guli_parent\service\service_edu\target\classes\com\atguigu\serviceedu\service\impl\EduChapterServiceImpl.class]: Post-processing of merged bean definition failed; nested exception is java.lang.IllegalStateException: Failed to introspect Class [com.atguigu.serviceedu.service.impl.EduChapterServiceImpl] from ClassLoader [org.springframework.boot.devtools.restart.classloader.RestartClassLoader@57ce26c4]
	at org.springframework.beans.factory.annotation.AutowiredAnnotationBeanPostProcessor$AutowiredFieldElement.inject(AutowiredAnnotationBeanPostProcessor.java:596)
	at org.springframework.beans.factory.annotation.InjectionMetadata.inject(InjectionMetadata.java:90)
	at org.springframework.beans.factory.annotation.AutowiredAnnotationBeanPostProcessor.postProcessProperties(AutowiredAnnotationBeanPostProcessor.java:374)
	at org.springframework.beans.factory.support.AbstractAutowireCapableBeanFactory.populateBean(AbstractAutowireCapableBeanFactory.java:1395)
	at org.springframework.beans.factory.support.AbstractAutowireCapableBeanFactory.doCreateBean(AbstractAutowireCapableBeanFactory.java:592)
	at org.springframework.beans.factory.support.AbstractAutowireCapableBeanFactory.createBean(AbstractAutowireCapableBeanFactory.java:515)
	at org.springframework.beans.factory.support.AbstractBeanFactory.lambda$doGetBean$0(AbstractBeanFactory.java:320)
	at org.springframework.beans.factory.support.DefaultSingletonBeanRegistry.getSingleton(DefaultSingletonBeanRegistry.java:222)
	at org.springframework.beans.factory.support.AbstractBeanFactory.doGetBean(AbstractBeanFactory.java:318)
	at org.springframework.beans.factory.support.AbstractBeanFactory.getBean(AbstractBeanFactory.java:199)
	at org.springframework.beans.factory.support.DefaultListableBeanFactory.preInstantiateSingletons(DefaultListableBeanFactory.java:849)
	at org.springframework.context.support.AbstractApplicationContext.finishBeanFactoryInitialization(AbstractApplicationContext.java:877)
	at org.springframework.context.support.AbstractApplicationContext.refresh(AbstractApplicationContext.java:549)
	at org.springframework.boot.web.servlet.context.ServletWebServerApplicationContext.refresh(ServletWebServerApplicationContext.java:142)
	at org.springframework.boot.SpringApplication.refresh(SpringApplication.java:775)
	at org.springframework.boot.SpringApplication.refreshContext(SpringApplication.java:397)
	at org.springframework.boot.SpringApplication.run(SpringApplication.java:316)
	at org.springframework.boot.SpringApplication.run(SpringApplication.java:1260)
	at org.springframework.boot.SpringApplication.run(SpringApplication.java:1248)
	at com.atguigu.serviceedu.EduApplication.main(EduApplication.java:15)
	at sun.reflect.NativeMethodAccessorImpl.invoke0(Native Method)
	at sun.reflect.NativeMethodAccessorImpl.invoke(NativeMethodAccessorImpl.java:62)
	at sun.reflect.DelegatingMethodAccessorImpl.invoke(DelegatingMethodAccessorImpl.java:43)
	at java.lang.reflect.Method.invoke(Method.java:497)
	at org.springframework.boot.devtools.restart.RestartLauncher.run(RestartLauncher.java:49)
Caused by: org.springframework.beans.factory.BeanCreationException: Error creating bean with name 'eduChapterServiceImpl' defined in file [E:\springboot-resource\atguigus\guli_parent\service\service_edu\target\classes\com\atguigu\serviceedu\service\impl\EduChapterServiceImpl.class]: Post-processing of merged bean definition failed; nested exception is java.lang.IllegalStateException: Failed to introspect Class [com.atguigu.serviceedu.service.impl.EduChapterServiceImpl] from ClassLoader [org.springframework.boot.devtools.restart.classloader.RestartClassLoader@57ce26c4]
	at org.springframework.beans.factory.support.AbstractAutowireCapableBeanFactory.doCreateBean(AbstractAutowireCapableBeanFactory.java:570)
	at org.springframework.beans.factory.support.AbstractAutowireCapableBeanFactory.createBean(AbstractAutowireCapableBeanFactory.java:515)
	at org.springframework.beans.factory.support.AbstractBeanFactory.lambda$doGetBean$0(AbstractBeanFactory.java:320)
	at org.springframework.beans.factory.support.DefaultSingletonBeanRegistry.getSingleton(DefaultSingletonBeanRegistry.java:222)
	at org.springframework.beans.factory.support.AbstractBeanFactory.doGetBean(AbstractBeanFactory.java:318)
	at org.springframework.beans.factory.support.AbstractBeanFactory.getBean(AbstractBeanFactory.java:199)
	at org.springframework.beans.factory.config.DependencyDescriptor.resolveCandidate(DependencyDescriptor.java:277)
	at org.springframework.beans.factory.support.DefaultListableBeanFactory.doResolveDependency(DefaultListableBeanFactory.java:1247)
	at org.springframework.beans.factory.support.DefaultListableBeanFactory.resolveDependency(DefaultListableBeanFactory.java:1167)
	at org.springframework.beans.factory.annotation.AutowiredAnnotationBeanPostProcessor$AutowiredFieldElement.inject(AutowiredAnnotationBeanPostProcessor.java:593)
	... 24 common frames omitted
Caused by: java.lang.IllegalStateException: Failed to introspect Class [com.atguigu.serviceedu.service.impl.EduChapterServiceImpl] from ClassLoader [org.springframework.boot.devtools.restart.classloader.RestartClassLoader@57ce26c4]
	at org.springframework.util.ReflectionUtils.getDeclaredFields(ReflectionUtils.java:785)
	at org.springframework.util.ReflectionUtils.doWithLocalFields(ReflectionUtils.java:717)
	at org.springframework.context.annotation.CommonAnnotationBeanPostProcessor.buildResourceMetadata(CommonAnnotationBeanPostProcessor.java:365)
	at org.springframework.context.annotation.CommonAnnotationBeanPostProcessor.findResourceMetadata(CommonAnnotationBeanPostProcessor.java:350)
	at org.springframework.context.annotation.CommonAnnotationBeanPostProcessor.postProcessMergedBeanDefinition(CommonAnnotationBeanPostProcessor.java:298)
	at org.springframework.beans.factory.support.AbstractAutowireCapableBeanFactory.applyMergedBeanDefinitionPostProcessors(AbstractAutowireCapableBeanFactory.java:1061)
	at org.springframework.beans.factory.support.AbstractAutowireCapableBeanFactory.doCreateBean(AbstractAutowireCapableBeanFactory.java:567)
	... 33 common frames omitted
Caused by: java.lang.NoClassDefFoundError: Lcom/atguigu/serviceedu/service/EduVideoService;
	at java.lang.Class.getDeclaredFields0(Native Method)
	at java.lang.Class.privateGetDeclaredFields(Class.java:2583)
	at java.lang.Class.getDeclaredFields(Class.java:1916)
	at org.springframework.util.ReflectionUtils.getDeclaredFields(ReflectionUtils.java:780)
	... 39 common frames omitted
Caused by: java.lang.ClassNotFoundException: com.atguigu.serviceedu.service.EduVideoService
	at java.net.URLClassLoader.findClass(URLClassLoader.java:381)
	at java.lang.ClassLoader.loadClass(ClassLoader.java:424)
	at sun.misc.Launcher$AppClassLoader.loadClass(Launcher.java:331)
	at java.lang.ClassLoader.loadClass(ClassLoader.java:357)
	at org.springframework.boot.devtools.restart.classloader.RestartClassLoader.loadClass(RestartClassLoader.java:148)
	at java.lang.ClassLoader.loadClass(ClassLoader.java:357)
	... 43 common frames omitted
2020-04-09 17:09:23.415 [restartedMain] ERROR o.s.b.diagnostics.LoggingFailureAnalysisReporter - 

***************************
APPLICATION FAILED TO START
***************************

Description:

Field eduChapterService in com.atguigu.serviceedu.controller.EduChapterController required a bean of type 'com.atguigu.serviceedu.service.EduChapterService' that could not be found.

The injection point has the following annotations:
	- @org.springframework.beans.factory.annotation.Autowired(required=true)


Action:

Consider defining a bean of type 'com.atguigu.serviceedu.service.EduChapterService' in your configuration.

