2020-04-08 10:25:17.614 [main] INFO  com.atguigu.serviceedu.EduApplication - Starting EduApplication on DESKTOP-Q1IK3TI with PID 53108 (E:\springboot-resource\atguigus\guli_parent\service\service_edu\target\classes started by zhouweipeng in E:\springboot-resource\atguigus\guli_parent)
2020-04-08 10:25:17.621 [main] INFO  com.atguigu.serviceedu.EduApplication - The following profiles are active: dev
2020-04-08 10:25:19.251 [main] INFO  o.s.d.r.config.RepositoryConfigurationDelegate - Multiple Spring Data modules found, entering strict repository configuration mode!
2020-04-08 10:25:19.254 [main] INFO  o.s.d.r.config.RepositoryConfigurationDelegate - Bootstrapping Spring Data repositories in DEFAULT mode.
2020-04-08 10:25:19.319 [main] INFO  o.s.d.r.config.RepositoryConfigurationDelegate - Finished Spring Data repository scanning in 47ms. Found 0 repository interfaces.
2020-04-08 10:25:19.704 [main] INFO  o.s.c.s.PostProcessorRegistrationDelegate$BeanPostProcessorChecker - Bean 'org.springframework.transaction.annotation.ProxyTransactionManagementConfiguration' of type [org.springframework.transaction.annotation.ProxyTransactionManagementConfiguration$$EnhancerBySpringCGLIB$$b3f5a11a] is not eligible for getting processed by all BeanPostProcessors (for example: not eligible for auto-proxying)
2020-04-08 10:25:21.265 [main] INFO  o.s.boot.web.embedded.tomcat.TomcatWebServer - Tomcat initialized with port(s): 8081 (http)
2020-04-08 10:25:21.283 [main] INFO  org.apache.coyote.http11.Http11NioProtocol - Initializing ProtocolHandler ["http-nio-8081"]
2020-04-08 10:25:21.291 [main] INFO  org.apache.catalina.core.StandardService - Starting service [Tomcat]
2020-04-08 10:25:21.292 [main] INFO  org.apache.catalina.core.StandardEngine - Starting Servlet engine: [Apache Tomcat/9.0.16]
2020-04-08 10:25:21.302 [main] INFO  org.apache.catalina.core.AprLifecycleListener - The APR based Apache Tomcat Native library which allows optimal performance in production environments was not found on the java.library.path: [E:\jdk18\jdk1.8\bin;C:\WINDOWS\Sun\Java\bin;C:\WINDOWS\system32;C:\WINDOWS;C:\Python27\;C:\Python27\Scripts;C:\ProgramData\Oracle\Java\javapath;C:\WINDOWS\system32;C:\WINDOWS;\System32\Wbem;C:\WINDOWS\System32\WindowsPowerShell\v1.0\;E:\jdk18\jdk1.8\bin;E:\MySql\MYSQL\bin;E:\ice\ice\bin;C:\WINDOWS\System32\Wbem;C:\WINDOWS\System32\OpenSSH\;E:\maven\apache-maven-3.6.0\bin;C:\Program Files\Intel\WiFi\bin\;C:\Program Files\Common Files\Intel\WirelessCommon\;E:\svn\bin;E:\SVN服务器\bin;%G;ADLE_HOME%\bin;C:\ProgramData\chocolatey\bin;E:\work\nodes\;F:\Microsoft VS Code\bin;C:\Users\zhouweipeng\AppData\Local\Microsoft\WindowsApps;C:\Users\zhouweipeng\AppData\Local\BypassRuntm;E:\work\nodes\node_global;;.]
2020-04-08 10:25:21.444 [main] INFO  o.a.c.core.ContainerBase.[Tomcat].[localhost].[/] - Initializing Spring embedded WebApplicationContext
2020-04-08 10:25:21.445 [main] INFO  org.springframework.web.context.ContextLoader - Root WebApplicationContext: initialization completed in 3707 ms
2020-04-08 10:25:21.925 [main] INFO  c.a.d.s.b.a.DruidDataSourceAutoConfigure - Init DruidDataSource
2020-04-08 10:25:22.760 [main] INFO  com.alibaba.druid.pool.DruidDataSource - {dataSource-1} inited
2020-04-08 10:25:23.858 [main] INFO  s.d.s.w.PropertySourcedRequestMappingHandlerMapping - Mapped URL path [/v2/api-docs] onto method [public org.springframework.http.ResponseEntity<springfox.documentation.spring.web.json.Json> springfox.documentation.swagger2.web.Swagger2Controller.getDocumentation(java.lang.String,javax.servlet.http.HttpServletRequest)]
2020-04-08 10:25:24.172 [main] INFO  o.s.scheduling.concurrent.ThreadPoolTaskExecutor - Initializing ExecutorService 'applicationTaskExecutor'
2020-04-08 10:25:24.919 [main] INFO  s.d.s.web.plugins.DocumentationPluginsBootstrapper - Context refreshed
2020-04-08 10:25:24.943 [main] INFO  s.d.s.web.plugins.DocumentationPluginsBootstrapper - Found 1 custom documentation plugin(s)
2020-04-08 10:25:24.974 [main] INFO  s.d.spring.web.scanners.ApiListingReferenceScanner - Scanning for api listing references
2020-04-08 10:25:25.189 [main] INFO  org.apache.coyote.http11.Http11NioProtocol - Starting ProtocolHandler ["http-nio-8081"]
2020-04-08 10:25:25.216 [main] INFO  o.s.boot.web.embedded.tomcat.TomcatWebServer - Tomcat started on port(s): 8081 (http) with context path ''
2020-04-08 10:25:25.219 [main] INFO  com.atguigu.serviceedu.EduApplication - Started EduApplication in 8.532 seconds (JVM running for 9.599)
2020-04-08 10:29:41.213 [http-nio-8081-exec-1] INFO  o.a.c.core.ContainerBase.[Tomcat].[localhost].[/] - Initializing Spring DispatcherServlet 'dispatcherServlet'
2020-04-08 10:29:41.218 [http-nio-8081-exec-1] INFO  org.springframework.web.servlet.DispatcherServlet - Initializing Servlet 'dispatcherServlet'
2020-04-08 10:29:41.288 [http-nio-8081-exec-1] INFO  org.springframework.web.servlet.DispatcherServlet - Completed initialization in 69 ms
2020-04-08 14:39:21.225 [main] INFO  com.atguigu.serviceedu.EduApplication - Starting EduApplication on DESKTOP-Q1IK3TI with PID 20984 (E:\springboot-resource\atguigus\guli_parent\service\service_edu\target\classes started by zhouweipeng in E:\springboot-resource\atguigus\guli_parent)
2020-04-08 14:39:21.231 [main] INFO  com.atguigu.serviceedu.EduApplication - The following profiles are active: dev
2020-04-08 14:39:22.660 [main] INFO  o.s.d.r.config.RepositoryConfigurationDelegate - Multiple Spring Data modules found, entering strict repository configuration mode!
2020-04-08 14:39:22.663 [main] INFO  o.s.d.r.config.RepositoryConfigurationDelegate - Bootstrapping Spring Data repositories in DEFAULT mode.
2020-04-08 14:39:22.708 [main] INFO  o.s.d.r.config.RepositoryConfigurationDelegate - Finished Spring Data repository scanning in 29ms. Found 0 repository interfaces.
2020-04-08 14:39:23.052 [main] INFO  o.s.c.s.PostProcessorRegistrationDelegate$BeanPostProcessorChecker - Bean 'org.springframework.transaction.annotation.ProxyTransactionManagementConfiguration' of type [org.springframework.transaction.annotation.ProxyTransactionManagementConfiguration$$EnhancerBySpringCGLIB$$ed174fa0] is not eligible for getting processed by all BeanPostProcessors (for example: not eligible for auto-proxying)
2020-04-08 14:39:24.259 [main] INFO  o.s.boot.web.embedded.tomcat.TomcatWebServer - Tomcat initialized with port(s): 8081 (http)
2020-04-08 14:39:24.278 [main] INFO  org.apache.coyote.http11.Http11NioProtocol - Initializing ProtocolHandler ["http-nio-8081"]
2020-04-08 14:39:24.293 [main] INFO  org.apache.catalina.core.StandardService - Starting service [Tomcat]
2020-04-08 14:39:24.294 [main] INFO  org.apache.catalina.core.StandardEngine - Starting Servlet engine: [Apache Tomcat/9.0.16]
2020-04-08 14:39:24.305 [main] INFO  org.apache.catalina.core.AprLifecycleListener - The APR based Apache Tomcat Native library which allows optimal performance in production environments was not found on the java.library.path: [E:\jdk18\jdk1.8\bin;C:\WINDOWS\Sun\Java\bin;C:\WINDOWS\system32;C:\WINDOWS;C:\Python27\;C:\Python27\Scripts;C:\ProgramData\Oracle\Java\javapath;C:\WINDOWS\system32;C:\WINDOWS;\System32\Wbem;C:\WINDOWS\System32\WindowsPowerShell\v1.0\;E:\jdk18\jdk1.8\bin;E:\MySql\MYSQL\bin;E:\ice\ice\bin;C:\WINDOWS\System32\Wbem;C:\WINDOWS\System32\OpenSSH\;E:\maven\apache-maven-3.6.0\bin;C:\Program Files\Intel\WiFi\bin\;C:\Program Files\Common Files\Intel\WirelessCommon\;E:\svn\bin;E:\SVN服务器\bin;%G;ADLE_HOME%\bin;C:\ProgramData\chocolatey\bin;E:\work\nodes\;F:\Microsoft VS Code\bin;C:\Users\zhouweipeng\AppData\Local\Microsoft\WindowsApps;C:\Users\zhouweipeng\AppData\Local\BypassRuntm;E:\work\nodes\node_global;;.]
2020-04-08 14:39:24.442 [main] INFO  o.a.c.core.ContainerBase.[Tomcat].[localhost].[/] - Initializing Spring embedded WebApplicationContext
2020-04-08 14:39:24.442 [main] INFO  org.springframework.web.context.ContextLoader - Root WebApplicationContext: initialization completed in 3114 ms
2020-04-08 14:39:24.575 [main] INFO  c.a.d.s.b.a.DruidDataSourceAutoConfigure - Init DruidDataSource
2020-04-08 14:39:25.191 [main] INFO  com.alibaba.druid.pool.DruidDataSource - {dataSource-1} inited
2020-04-08 14:39:26.124 [main] INFO  s.d.s.w.PropertySourcedRequestMappingHandlerMapping - Mapped URL path [/v2/api-docs] onto method [public org.springframework.http.ResponseEntity<springfox.documentation.spring.web.json.Json> springfox.documentation.swagger2.web.Swagger2Controller.getDocumentation(java.lang.String,javax.servlet.http.HttpServletRequest)]
2020-04-08 14:39:26.361 [main] INFO  o.s.scheduling.concurrent.ThreadPoolTaskExecutor - Initializing ExecutorService 'applicationTaskExecutor'
2020-04-08 14:39:26.981 [main] INFO  s.d.s.web.plugins.DocumentationPluginsBootstrapper - Context refreshed
2020-04-08 14:39:27.001 [main] INFO  s.d.s.web.plugins.DocumentationPluginsBootstrapper - Found 1 custom documentation plugin(s)
2020-04-08 14:39:27.032 [main] INFO  s.d.spring.web.scanners.ApiListingReferenceScanner - Scanning for api listing references
2020-04-08 14:39:27.220 [main] INFO  org.apache.coyote.http11.Http11NioProtocol - Starting ProtocolHandler ["http-nio-8081"]
2020-04-08 14:39:27.250 [main] INFO  o.s.boot.web.embedded.tomcat.TomcatWebServer - Tomcat started on port(s): 8081 (http) with context path ''
2020-04-08 14:39:27.253 [main] INFO  com.atguigu.serviceedu.EduApplication - Started EduApplication in 7.138 seconds (JVM running for 7.745)
2020-04-08 14:42:11.065 [http-nio-8081-exec-1] INFO  o.a.c.core.ContainerBase.[Tomcat].[localhost].[/] - Initializing Spring DispatcherServlet 'dispatcherServlet'
2020-04-08 14:42:11.066 [http-nio-8081-exec-1] INFO  org.springframework.web.servlet.DispatcherServlet - Initializing Servlet 'dispatcherServlet'
2020-04-08 14:42:11.079 [http-nio-8081-exec-1] INFO  org.springframework.web.servlet.DispatcherServlet - Completed initialization in 13 ms
2020-04-08 14:44:01.734 [main] INFO  com.atguigu.serviceedu.EduApplication - Starting EduApplication on DESKTOP-Q1IK3TI with PID 53812 (E:\springboot-resource\atguigus\guli_parent\service\service_edu\target\classes started by zhouweipeng in E:\springboot-resource\atguigus\guli_parent)
2020-04-08 14:44:01.737 [main] INFO  com.atguigu.serviceedu.EduApplication - The following profiles are active: dev
2020-04-08 14:44:02.679 [main] INFO  o.s.d.r.config.RepositoryConfigurationDelegate - Multiple Spring Data modules found, entering strict repository configuration mode!
2020-04-08 14:44:02.682 [main] INFO  o.s.d.r.config.RepositoryConfigurationDelegate - Bootstrapping Spring Data repositories in DEFAULT mode.
2020-04-08 14:44:02.722 [main] INFO  o.s.d.r.config.RepositoryConfigurationDelegate - Finished Spring Data repository scanning in 24ms. Found 0 repository interfaces.
2020-04-08 14:44:03.042 [main] INFO  o.s.c.s.PostProcessorRegistrationDelegate$BeanPostProcessorChecker - Bean 'org.springframework.transaction.annotation.ProxyTransactionManagementConfiguration' of type [org.springframework.transaction.annotation.ProxyTransactionManagementConfiguration$$EnhancerBySpringCGLIB$$1bc6abc5] is not eligible for getting processed by all BeanPostProcessors (for example: not eligible for auto-proxying)
2020-04-08 14:44:03.999 [main] INFO  o.s.boot.web.embedded.tomcat.TomcatWebServer - Tomcat initialized with port(s): 8081 (http)
2020-04-08 14:44:04.013 [main] INFO  org.apache.coyote.http11.Http11NioProtocol - Initializing ProtocolHandler ["http-nio-8081"]
2020-04-08 14:44:04.021 [main] INFO  org.apache.catalina.core.StandardService - Starting service [Tomcat]
2020-04-08 14:44:04.021 [main] INFO  org.apache.catalina.core.StandardEngine - Starting Servlet engine: [Apache Tomcat/9.0.16]
2020-04-08 14:44:04.030 [main] INFO  org.apache.catalina.core.AprLifecycleListener - The APR based Apache Tomcat Native library which allows optimal performance in production environments was not found on the java.library.path: [E:\jdk18\jdk1.8\bin;C:\WINDOWS\Sun\Java\bin;C:\WINDOWS\system32;C:\WINDOWS;C:\Python27\;C:\Python27\Scripts;C:\ProgramData\Oracle\Java\javapath;C:\WINDOWS\system32;C:\WINDOWS;\System32\Wbem;C:\WINDOWS\System32\WindowsPowerShell\v1.0\;E:\jdk18\jdk1.8\bin;E:\MySql\MYSQL\bin;E:\ice\ice\bin;C:\WINDOWS\System32\Wbem;C:\WINDOWS\System32\OpenSSH\;E:\maven\apache-maven-3.6.0\bin;C:\Program Files\Intel\WiFi\bin\;C:\Program Files\Common Files\Intel\WirelessCommon\;E:\svn\bin;E:\SVN服务器\bin;%G;ADLE_HOME%\bin;C:\ProgramData\chocolatey\bin;E:\work\nodes\;F:\Microsoft VS Code\bin;C:\Users\zhouweipeng\AppData\Local\Microsoft\WindowsApps;C:\Users\zhouweipeng\AppData\Local\BypassRuntm;E:\work\nodes\node_global;;.]
2020-04-08 14:44:04.172 [main] INFO  o.a.c.core.ContainerBase.[Tomcat].[localhost].[/] - Initializing Spring embedded WebApplicationContext
2020-04-08 14:44:04.172 [main] INFO  org.springframework.web.context.ContextLoader - Root WebApplicationContext: initialization completed in 2350 ms
2020-04-08 14:44:04.291 [main] INFO  c.a.d.s.b.a.DruidDataSourceAutoConfigure - Init DruidDataSource
2020-04-08 14:44:04.585 [main] INFO  com.alibaba.druid.pool.DruidDataSource - {dataSource-1} inited
2020-04-08 14:44:05.516 [main] INFO  s.d.s.w.PropertySourcedRequestMappingHandlerMapping - Mapped URL path [/v2/api-docs] onto method [public org.springframework.http.ResponseEntity<springfox.documentation.spring.web.json.Json> springfox.documentation.swagger2.web.Swagger2Controller.getDocumentation(java.lang.String,javax.servlet.http.HttpServletRequest)]
2020-04-08 14:44:05.754 [main] INFO  o.s.scheduling.concurrent.ThreadPoolTaskExecutor - Initializing ExecutorService 'applicationTaskExecutor'
2020-04-08 14:44:06.370 [main] INFO  s.d.s.web.plugins.DocumentationPluginsBootstrapper - Context refreshed
2020-04-08 14:44:06.413 [main] INFO  s.d.s.web.plugins.DocumentationPluginsBootstrapper - Found 1 custom documentation plugin(s)
2020-04-08 14:44:06.445 [main] INFO  s.d.spring.web.scanners.ApiListingReferenceScanner - Scanning for api listing references
2020-04-08 14:44:06.627 [main] INFO  org.apache.coyote.http11.Http11NioProtocol - Starting ProtocolHandler ["http-nio-8081"]
2020-04-08 14:44:06.656 [main] INFO  o.s.boot.web.embedded.tomcat.TomcatWebServer - Tomcat started on port(s): 8081 (http) with context path ''
2020-04-08 14:44:06.659 [main] INFO  com.atguigu.serviceedu.EduApplication - Started EduApplication in 5.582 seconds (JVM running for 6.063)
2020-04-08 14:44:15.525 [http-nio-8081-exec-1] INFO  o.a.c.core.ContainerBase.[Tomcat].[localhost].[/] - Initializing Spring DispatcherServlet 'dispatcherServlet'
2020-04-08 14:44:15.526 [http-nio-8081-exec-1] INFO  org.springframework.web.servlet.DispatcherServlet - Initializing Servlet 'dispatcherServlet'
2020-04-08 14:44:15.573 [http-nio-8081-exec-1] INFO  org.springframework.web.servlet.DispatcherServlet - Completed initialization in 47 ms
2020-04-08 14:45:36.412 [main] INFO  com.atguigu.serviceedu.EduApplication - Starting EduApplication on DESKTOP-Q1IK3TI with PID 54280 (E:\springboot-resource\atguigus\guli_parent\service\service_edu\target\classes started by zhouweipeng in E:\springboot-resource\atguigus\guli_parent)
2020-04-08 14:45:36.415 [main] INFO  com.atguigu.serviceedu.EduApplication - The following profiles are active: dev
2020-04-08 14:45:37.534 [main] INFO  o.s.d.r.config.RepositoryConfigurationDelegate - Multiple Spring Data modules found, entering strict repository configuration mode!
2020-04-08 14:45:37.537 [main] INFO  o.s.d.r.config.RepositoryConfigurationDelegate - Bootstrapping Spring Data repositories in DEFAULT mode.
2020-04-08 14:45:37.580 [main] INFO  o.s.d.r.config.RepositoryConfigurationDelegate - Finished Spring Data repository scanning in 27ms. Found 0 repository interfaces.
2020-04-08 14:45:37.924 [main] INFO  o.s.c.s.PostProcessorRegistrationDelegate$BeanPostProcessorChecker - Bean 'org.springframework.transaction.annotation.ProxyTransactionManagementConfiguration' of type [org.springframework.transaction.annotation.ProxyTransactionManagementConfiguration$$EnhancerBySpringCGLIB$$597897a0] is not eligible for getting processed by all BeanPostProcessors (for example: not eligible for auto-proxying)
2020-04-08 14:45:38.897 [main] INFO  o.s.boot.web.embedded.tomcat.TomcatWebServer - Tomcat initialized with port(s): 8081 (http)
2020-04-08 14:45:38.912 [main] INFO  org.apache.coyote.http11.Http11NioProtocol - Initializing ProtocolHandler ["http-nio-8081"]
2020-04-08 14:45:38.923 [main] INFO  org.apache.catalina.core.StandardService - Starting service [Tomcat]
2020-04-08 14:45:38.923 [main] INFO  org.apache.catalina.core.StandardEngine - Starting Servlet engine: [Apache Tomcat/9.0.16]
2020-04-08 14:45:38.933 [main] INFO  org.apache.catalina.core.AprLifecycleListener - The APR based Apache Tomcat Native library which allows optimal performance in production environments was not found on the java.library.path: [E:\jdk18\jdk1.8\bin;C:\WINDOWS\Sun\Java\bin;C:\WINDOWS\system32;C:\WINDOWS;C:\Python27\;C:\Python27\Scripts;C:\ProgramData\Oracle\Java\javapath;C:\WINDOWS\system32;C:\WINDOWS;\System32\Wbem;C:\WINDOWS\System32\WindowsPowerShell\v1.0\;E:\jdk18\jdk1.8\bin;E:\MySql\MYSQL\bin;E:\ice\ice\bin;C:\WINDOWS\System32\Wbem;C:\WINDOWS\System32\OpenSSH\;E:\maven\apache-maven-3.6.0\bin;C:\Program Files\Intel\WiFi\bin\;C:\Program Files\Common Files\Intel\WirelessCommon\;E:\svn\bin;E:\SVN服务器\bin;%G;ADLE_HOME%\bin;C:\ProgramData\chocolatey\bin;E:\work\nodes\;F:\Microsoft VS Code\bin;C:\Users\zhouweipeng\AppData\Local\Microsoft\WindowsApps;C:\Users\zhouweipeng\AppData\Local\BypassRuntm;E:\work\nodes\node_global;;.]
2020-04-08 14:45:39.058 [main] INFO  o.a.c.core.ContainerBase.[Tomcat].[localhost].[/] - Initializing Spring embedded WebApplicationContext
2020-04-08 14:45:39.059 [main] INFO  org.springframework.web.context.ContextLoader - Root WebApplicationContext: initialization completed in 2593 ms
2020-04-08 14:45:39.181 [main] INFO  c.a.d.s.b.a.DruidDataSourceAutoConfigure - Init DruidDataSource
2020-04-08 14:45:39.462 [main] INFO  com.alibaba.druid.pool.DruidDataSource - {dataSource-1} inited
2020-04-08 14:45:40.478 [main] INFO  s.d.s.w.PropertySourcedRequestMappingHandlerMapping - Mapped URL path [/v2/api-docs] onto method [public org.springframework.http.ResponseEntity<springfox.documentation.spring.web.json.Json> springfox.documentation.swagger2.web.Swagger2Controller.getDocumentation(java.lang.String,javax.servlet.http.HttpServletRequest)]
2020-04-08 14:45:40.707 [main] INFO  o.s.scheduling.concurrent.ThreadPoolTaskExecutor - Initializing ExecutorService 'applicationTaskExecutor'
2020-04-08 14:45:41.285 [main] INFO  s.d.s.web.plugins.DocumentationPluginsBootstrapper - Context refreshed
2020-04-08 14:45:41.306 [main] INFO  s.d.s.web.plugins.DocumentationPluginsBootstrapper - Found 1 custom documentation plugin(s)
2020-04-08 14:45:41.338 [main] INFO  s.d.spring.web.scanners.ApiListingReferenceScanner - Scanning for api listing references
2020-04-08 14:45:41.513 [main] INFO  org.apache.coyote.http11.Http11NioProtocol - Starting ProtocolHandler ["http-nio-8081"]
2020-04-08 14:45:41.542 [main] INFO  o.s.boot.web.embedded.tomcat.TomcatWebServer - Tomcat started on port(s): 8081 (http) with context path ''
2020-04-08 14:45:41.544 [main] INFO  com.atguigu.serviceedu.EduApplication - Started EduApplication in 5.854 seconds (JVM running for 6.362)
2020-04-08 14:45:52.138 [http-nio-8081-exec-1] INFO  o.a.c.core.ContainerBase.[Tomcat].[localhost].[/] - Initializing Spring DispatcherServlet 'dispatcherServlet'
2020-04-08 14:45:52.139 [http-nio-8081-exec-1] INFO  org.springframework.web.servlet.DispatcherServlet - Initializing Servlet 'dispatcherServlet'
2020-04-08 14:45:52.149 [http-nio-8081-exec-1] INFO  org.springframework.web.servlet.DispatcherServlet - Completed initialization in 10 ms
2020-04-08 14:47:01.454 [main] INFO  com.atguigu.serviceedu.EduApplication - Starting EduApplication on DESKTOP-Q1IK3TI with PID 37524 (E:\springboot-resource\atguigus\guli_parent\service\service_edu\target\classes started by zhouweipeng in E:\springboot-resource\atguigus\guli_parent)
2020-04-08 14:47:01.457 [main] INFO  com.atguigu.serviceedu.EduApplication - The following profiles are active: dev
2020-04-08 14:47:02.638 [main] INFO  o.s.d.r.config.RepositoryConfigurationDelegate - Multiple Spring Data modules found, entering strict repository configuration mode!
2020-04-08 14:47:02.641 [main] INFO  o.s.d.r.config.RepositoryConfigurationDelegate - Bootstrapping Spring Data repositories in DEFAULT mode.
2020-04-08 14:47:02.686 [main] INFO  o.s.d.r.config.RepositoryConfigurationDelegate - Finished Spring Data repository scanning in 30ms. Found 0 repository interfaces.
2020-04-08 14:47:03.055 [main] INFO  o.s.c.s.PostProcessorRegistrationDelegate$BeanPostProcessorChecker - Bean 'org.springframework.transaction.annotation.ProxyTransactionManagementConfiguration' of type [org.springframework.transaction.annotation.ProxyTransactionManagementConfiguration$$EnhancerBySpringCGLIB$$6c08f4bd] is not eligible for getting processed by all BeanPostProcessors (for example: not eligible for auto-proxying)
2020-04-08 14:47:04.077 [main] INFO  o.s.boot.web.embedded.tomcat.TomcatWebServer - Tomcat initialized with port(s): 8081 (http)
2020-04-08 14:47:04.092 [main] INFO  org.apache.coyote.http11.Http11NioProtocol - Initializing ProtocolHandler ["http-nio-8081"]
2020-04-08 14:47:04.103 [main] INFO  org.apache.catalina.core.StandardService - Starting service [Tomcat]
2020-04-08 14:47:04.103 [main] INFO  org.apache.catalina.core.StandardEngine - Starting Servlet engine: [Apache Tomcat/9.0.16]
2020-04-08 14:47:04.113 [main] INFO  org.apache.catalina.core.AprLifecycleListener - The APR based Apache Tomcat Native library which allows optimal performance in production environments was not found on the java.library.path: [E:\jdk18\jdk1.8\bin;C:\WINDOWS\Sun\Java\bin;C:\WINDOWS\system32;C:\WINDOWS;C:\Python27\;C:\Python27\Scripts;C:\ProgramData\Oracle\Java\javapath;C:\WINDOWS\system32;C:\WINDOWS;\System32\Wbem;C:\WINDOWS\System32\WindowsPowerShell\v1.0\;E:\jdk18\jdk1.8\bin;E:\MySql\MYSQL\bin;E:\ice\ice\bin;C:\WINDOWS\System32\Wbem;C:\WINDOWS\System32\OpenSSH\;E:\maven\apache-maven-3.6.0\bin;C:\Program Files\Intel\WiFi\bin\;C:\Program Files\Common Files\Intel\WirelessCommon\;E:\svn\bin;E:\SVN服务器\bin;%G;ADLE_HOME%\bin;C:\ProgramData\chocolatey\bin;E:\work\nodes\;F:\Microsoft VS Code\bin;C:\Users\zhouweipeng\AppData\Local\Microsoft\WindowsApps;C:\Users\zhouweipeng\AppData\Local\BypassRuntm;E:\work\nodes\node_global;;.]
2020-04-08 14:47:04.240 [main] INFO  o.a.c.core.ContainerBase.[Tomcat].[localhost].[/] - Initializing Spring embedded WebApplicationContext
2020-04-08 14:47:04.241 [main] INFO  org.springframework.web.context.ContextLoader - Root WebApplicationContext: initialization completed in 2711 ms
2020-04-08 14:47:04.464 [main] INFO  c.a.d.s.b.a.DruidDataSourceAutoConfigure - Init DruidDataSource
2020-04-08 14:47:04.760 [main] INFO  com.alibaba.druid.pool.DruidDataSource - {dataSource-1} inited
2020-04-08 14:47:05.764 [main] INFO  s.d.s.w.PropertySourcedRequestMappingHandlerMapping - Mapped URL path [/v2/api-docs] onto method [public org.springframework.http.ResponseEntity<springfox.documentation.spring.web.json.Json> springfox.documentation.swagger2.web.Swagger2Controller.getDocumentation(java.lang.String,javax.servlet.http.HttpServletRequest)]
2020-04-08 14:47:06.010 [main] INFO  o.s.scheduling.concurrent.ThreadPoolTaskExecutor - Initializing ExecutorService 'applicationTaskExecutor'
2020-04-08 14:47:06.636 [main] INFO  s.d.s.web.plugins.DocumentationPluginsBootstrapper - Context refreshed
2020-04-08 14:47:06.687 [main] INFO  s.d.s.web.plugins.DocumentationPluginsBootstrapper - Found 1 custom documentation plugin(s)
2020-04-08 14:47:06.726 [main] INFO  s.d.spring.web.scanners.ApiListingReferenceScanner - Scanning for api listing references
2020-04-08 14:47:06.931 [main] INFO  org.apache.coyote.http11.Http11NioProtocol - Starting ProtocolHandler ["http-nio-8081"]
2020-04-08 14:47:06.962 [main] INFO  o.s.boot.web.embedded.tomcat.TomcatWebServer - Tomcat started on port(s): 8081 (http) with context path ''
2020-04-08 14:47:06.965 [main] INFO  com.atguigu.serviceedu.EduApplication - Started EduApplication in 6.212 seconds (JVM running for 7.551)
2020-04-08 14:47:24.397 [http-nio-8081-exec-1] INFO  o.a.c.core.ContainerBase.[Tomcat].[localhost].[/] - Initializing Spring DispatcherServlet 'dispatcherServlet'
2020-04-08 14:47:24.397 [http-nio-8081-exec-1] INFO  org.springframework.web.servlet.DispatcherServlet - Initializing Servlet 'dispatcherServlet'
2020-04-08 14:47:24.407 [http-nio-8081-exec-1] INFO  org.springframework.web.servlet.DispatcherServlet - Completed initialization in 10 ms
2020-04-08 14:52:31.667 [main] INFO  com.atguigu.serviceedu.EduApplication - Starting EduApplication on DESKTOP-Q1IK3TI with PID 24744 (E:\springboot-resource\atguigus\guli_parent\service\service_edu\target\classes started by zhouweipeng in E:\springboot-resource\atguigus\guli_parent)
2020-04-08 14:52:31.671 [main] INFO  com.atguigu.serviceedu.EduApplication - The following profiles are active: dev
2020-04-08 14:52:32.767 [main] INFO  o.s.d.r.config.RepositoryConfigurationDelegate - Multiple Spring Data modules found, entering strict repository configuration mode!
2020-04-08 14:52:32.770 [main] INFO  o.s.d.r.config.RepositoryConfigurationDelegate - Bootstrapping Spring Data repositories in DEFAULT mode.
2020-04-08 14:52:32.817 [main] INFO  o.s.d.r.config.RepositoryConfigurationDelegate - Finished Spring Data repository scanning in 31ms. Found 0 repository interfaces.
2020-04-08 14:52:33.174 [main] INFO  o.s.c.s.PostProcessorRegistrationDelegate$BeanPostProcessorChecker - Bean 'org.springframework.transaction.annotation.ProxyTransactionManagementConfiguration' of type [org.springframework.transaction.annotation.ProxyTransactionManagementConfiguration$$EnhancerBySpringCGLIB$$188e1da1] is not eligible for getting processed by all BeanPostProcessors (for example: not eligible for auto-proxying)
2020-04-08 14:52:34.221 [main] INFO  o.s.boot.web.embedded.tomcat.TomcatWebServer - Tomcat initialized with port(s): 8081 (http)
2020-04-08 14:52:34.238 [main] INFO  org.apache.coyote.http11.Http11NioProtocol - Initializing ProtocolHandler ["http-nio-8081"]
2020-04-08 14:52:34.249 [main] INFO  org.apache.catalina.core.StandardService - Starting service [Tomcat]
2020-04-08 14:52:34.250 [main] INFO  org.apache.catalina.core.StandardEngine - Starting Servlet engine: [Apache Tomcat/9.0.16]
2020-04-08 14:52:34.261 [main] INFO  org.apache.catalina.core.AprLifecycleListener - The APR based Apache Tomcat Native library which allows optimal performance in production environments was not found on the java.library.path: [E:\jdk18\jdk1.8\bin;C:\WINDOWS\Sun\Java\bin;C:\WINDOWS\system32;C:\WINDOWS;C:\Python27\;C:\Python27\Scripts;C:\ProgramData\Oracle\Java\javapath;C:\WINDOWS\system32;C:\WINDOWS;\System32\Wbem;C:\WINDOWS\System32\WindowsPowerShell\v1.0\;E:\jdk18\jdk1.8\bin;E:\MySql\MYSQL\bin;E:\ice\ice\bin;C:\WINDOWS\System32\Wbem;C:\WINDOWS\System32\OpenSSH\;E:\maven\apache-maven-3.6.0\bin;C:\Program Files\Intel\WiFi\bin\;C:\Program Files\Common Files\Intel\WirelessCommon\;E:\svn\bin;E:\SVN服务器\bin;%G;ADLE_HOME%\bin;C:\ProgramData\chocolatey\bin;E:\work\nodes\;F:\Microsoft VS Code\bin;C:\Users\zhouweipeng\AppData\Local\Microsoft\WindowsApps;C:\Users\zhouweipeng\AppData\Local\BypassRuntm;E:\work\nodes\node_global;;.]
2020-04-08 14:52:34.419 [main] INFO  o.a.c.core.ContainerBase.[Tomcat].[localhost].[/] - Initializing Spring embedded WebApplicationContext
2020-04-08 14:52:34.420 [main] INFO  org.springframework.web.context.ContextLoader - Root WebApplicationContext: initialization completed in 2688 ms
2020-04-08 14:52:34.562 [main] INFO  c.a.d.s.b.a.DruidDataSourceAutoConfigure - Init DruidDataSource
2020-04-08 14:52:34.876 [main] INFO  com.alibaba.druid.pool.DruidDataSource - {dataSource-1} inited
2020-04-08 14:52:35.888 [main] INFO  s.d.s.w.PropertySourcedRequestMappingHandlerMapping - Mapped URL path [/v2/api-docs] onto method [public org.springframework.http.ResponseEntity<springfox.documentation.spring.web.json.Json> springfox.documentation.swagger2.web.Swagger2Controller.getDocumentation(java.lang.String,javax.servlet.http.HttpServletRequest)]
2020-04-08 14:52:36.163 [main] INFO  o.s.scheduling.concurrent.ThreadPoolTaskExecutor - Initializing ExecutorService 'applicationTaskExecutor'
2020-04-08 14:52:36.894 [main] INFO  s.d.s.web.plugins.DocumentationPluginsBootstrapper - Context refreshed
2020-04-08 14:52:36.921 [main] INFO  s.d.s.web.plugins.DocumentationPluginsBootstrapper - Found 1 custom documentation plugin(s)
2020-04-08 14:52:36.964 [main] INFO  s.d.spring.web.scanners.ApiListingReferenceScanner - Scanning for api listing references
2020-04-08 14:52:37.194 [main] INFO  org.apache.coyote.http11.Http11NioProtocol - Starting ProtocolHandler ["http-nio-8081"]
2020-04-08 14:52:37.233 [main] INFO  o.s.boot.web.embedded.tomcat.TomcatWebServer - Tomcat started on port(s): 8081 (http) with context path ''
2020-04-08 14:52:37.236 [main] INFO  com.atguigu.serviceedu.EduApplication - Started EduApplication in 6.46 seconds (JVM running for 7.081)
2020-04-08 14:52:41.348 [http-nio-8081-exec-1] INFO  o.a.c.core.ContainerBase.[Tomcat].[localhost].[/] - Initializing Spring DispatcherServlet 'dispatcherServlet'
2020-04-08 14:52:41.348 [http-nio-8081-exec-1] INFO  org.springframework.web.servlet.DispatcherServlet - Initializing Servlet 'dispatcherServlet'
2020-04-08 14:52:41.358 [http-nio-8081-exec-1] INFO  org.springframework.web.servlet.DispatcherServlet - Completed initialization in 10 ms
2020-04-08 14:54:11.609 [main] INFO  com.atguigu.serviceedu.EduApplication - Starting EduApplication on DESKTOP-Q1IK3TI with PID 53524 (E:\springboot-resource\atguigus\guli_parent\service\service_edu\target\classes started by zhouweipeng in E:\springboot-resource\atguigus\guli_parent)
2020-04-08 14:54:11.612 [main] INFO  com.atguigu.serviceedu.EduApplication - The following profiles are active: dev
2020-04-08 14:54:12.624 [main] INFO  o.s.d.r.config.RepositoryConfigurationDelegate - Multiple Spring Data modules found, entering strict repository configuration mode!
2020-04-08 14:54:12.627 [main] INFO  o.s.d.r.config.RepositoryConfigurationDelegate - Bootstrapping Spring Data repositories in DEFAULT mode.
2020-04-08 14:54:12.669 [main] INFO  o.s.d.r.config.RepositoryConfigurationDelegate - Finished Spring Data repository scanning in 27ms. Found 0 repository interfaces.
2020-04-08 14:54:13.024 [main] INFO  o.s.c.s.PostProcessorRegistrationDelegate$BeanPostProcessorChecker - Bean 'org.springframework.transaction.annotation.ProxyTransactionManagementConfiguration' of type [org.springframework.transaction.annotation.ProxyTransactionManagementConfiguration$$EnhancerBySpringCGLIB$$88187c78] is not eligible for getting processed by all BeanPostProcessors (for example: not eligible for auto-proxying)
2020-04-08 14:54:14.055 [main] INFO  o.s.boot.web.embedded.tomcat.TomcatWebServer - Tomcat initialized with port(s): 8081 (http)
2020-04-08 14:54:14.071 [main] INFO  org.apache.coyote.http11.Http11NioProtocol - Initializing ProtocolHandler ["http-nio-8081"]
2020-04-08 14:54:14.083 [main] INFO  org.apache.catalina.core.StandardService - Starting service [Tomcat]
2020-04-08 14:54:14.083 [main] INFO  org.apache.catalina.core.StandardEngine - Starting Servlet engine: [Apache Tomcat/9.0.16]
2020-04-08 14:54:14.094 [main] INFO  org.apache.catalina.core.AprLifecycleListener - The APR based Apache Tomcat Native library which allows optimal performance in production environments was not found on the java.library.path: [E:\jdk18\jdk1.8\bin;C:\WINDOWS\Sun\Java\bin;C:\WINDOWS\system32;C:\WINDOWS;C:\Python27\;C:\Python27\Scripts;C:\ProgramData\Oracle\Java\javapath;C:\WINDOWS\system32;C:\WINDOWS;\System32\Wbem;C:\WINDOWS\System32\WindowsPowerShell\v1.0\;E:\jdk18\jdk1.8\bin;E:\MySql\MYSQL\bin;E:\ice\ice\bin;C:\WINDOWS\System32\Wbem;C:\WINDOWS\System32\OpenSSH\;E:\maven\apache-maven-3.6.0\bin;C:\Program Files\Intel\WiFi\bin\;C:\Program Files\Common Files\Intel\WirelessCommon\;E:\svn\bin;E:\SVN服务器\bin;%G;ADLE_HOME%\bin;C:\ProgramData\chocolatey\bin;E:\work\nodes\;F:\Microsoft VS Code\bin;C:\Users\zhouweipeng\AppData\Local\Microsoft\WindowsApps;C:\Users\zhouweipeng\AppData\Local\BypassRuntm;E:\work\nodes\node_global;;.]
2020-04-08 14:54:14.223 [main] INFO  o.a.c.core.ContainerBase.[Tomcat].[localhost].[/] - Initializing Spring embedded WebApplicationContext
2020-04-08 14:54:14.223 [main] INFO  org.springframework.web.context.ContextLoader - Root WebApplicationContext: initialization completed in 2526 ms
2020-04-08 14:54:14.364 [main] INFO  c.a.d.s.b.a.DruidDataSourceAutoConfigure - Init DruidDataSource
2020-04-08 14:54:14.661 [main] INFO  com.alibaba.druid.pool.DruidDataSource - {dataSource-1} inited
2020-04-08 14:54:15.647 [main] INFO  s.d.s.w.PropertySourcedRequestMappingHandlerMapping - Mapped URL path [/v2/api-docs] onto method [public org.springframework.http.ResponseEntity<springfox.documentation.spring.web.json.Json> springfox.documentation.swagger2.web.Swagger2Controller.getDocumentation(java.lang.String,javax.servlet.http.HttpServletRequest)]
2020-04-08 14:54:15.887 [main] INFO  o.s.scheduling.concurrent.ThreadPoolTaskExecutor - Initializing ExecutorService 'applicationTaskExecutor'
2020-04-08 14:54:16.527 [main] INFO  s.d.s.web.plugins.DocumentationPluginsBootstrapper - Context refreshed
2020-04-08 14:54:16.551 [main] INFO  s.d.s.web.plugins.DocumentationPluginsBootstrapper - Found 1 custom documentation plugin(s)
2020-04-08 14:54:16.590 [main] INFO  s.d.spring.web.scanners.ApiListingReferenceScanner - Scanning for api listing references
2020-04-08 14:54:16.794 [main] INFO  org.apache.coyote.http11.Http11NioProtocol - Starting ProtocolHandler ["http-nio-8081"]
2020-04-08 14:54:16.834 [main] INFO  o.s.boot.web.embedded.tomcat.TomcatWebServer - Tomcat started on port(s): 8081 (http) with context path ''
2020-04-08 14:54:16.837 [main] INFO  com.atguigu.serviceedu.EduApplication - Started EduApplication in 6.04 seconds (JVM running for 6.752)
2020-04-08 14:54:27.634 [http-nio-8081-exec-1] INFO  o.a.c.core.ContainerBase.[Tomcat].[localhost].[/] - Initializing Spring DispatcherServlet 'dispatcherServlet'
2020-04-08 14:54:27.635 [http-nio-8081-exec-1] INFO  org.springframework.web.servlet.DispatcherServlet - Initializing Servlet 'dispatcherServlet'
2020-04-08 14:54:27.644 [http-nio-8081-exec-1] INFO  org.springframework.web.servlet.DispatcherServlet - Completed initialization in 9 ms
2020-04-08 16:40:18.145 [main] INFO  com.atguigu.serviceedu.EduApplication - Starting EduApplication on DESKTOP-Q1IK3TI with PID 30256 (E:\springboot-resource\atguigus\guli_parent\service\service_edu\target\classes started by zhouweipeng in E:\springboot-resource\atguigus\guli_parent)
2020-04-08 16:40:18.153 [main] INFO  com.atguigu.serviceedu.EduApplication - The following profiles are active: dev
2020-04-08 16:40:19.740 [main] INFO  o.s.d.r.config.RepositoryConfigurationDelegate - Multiple Spring Data modules found, entering strict repository configuration mode!
2020-04-08 16:40:19.743 [main] INFO  o.s.d.r.config.RepositoryConfigurationDelegate - Bootstrapping Spring Data repositories in DEFAULT mode.
2020-04-08 16:40:19.801 [main] INFO  o.s.d.r.config.RepositoryConfigurationDelegate - Finished Spring Data repository scanning in 29ms. Found 0 repository interfaces.
2020-04-08 16:40:20.200 [main] INFO  o.s.c.s.PostProcessorRegistrationDelegate$BeanPostProcessorChecker - Bean 'org.springframework.transaction.annotation.ProxyTransactionManagementConfiguration' of type [org.springframework.transaction.annotation.ProxyTransactionManagementConfiguration$$EnhancerBySpringCGLIB$$2b0e6313] is not eligible for getting processed by all BeanPostProcessors (for example: not eligible for auto-proxying)
2020-04-08 16:40:22.187 [main] INFO  o.s.boot.web.embedded.tomcat.TomcatWebServer - Tomcat initialized with port(s): 8081 (http)
2020-04-08 16:40:22.253 [main] INFO  org.apache.coyote.http11.Http11NioProtocol - Initializing ProtocolHandler ["http-nio-8081"]
2020-04-08 16:40:22.284 [main] INFO  org.apache.catalina.core.StandardService - Starting service [Tomcat]
2020-04-08 16:40:22.284 [main] INFO  org.apache.catalina.core.StandardEngine - Starting Servlet engine: [Apache Tomcat/9.0.16]
2020-04-08 16:40:22.298 [main] INFO  org.apache.catalina.core.AprLifecycleListener - The APR based Apache Tomcat Native library which allows optimal performance in production environments was not found on the java.library.path: [E:\jdk18\jdk1.8\bin;C:\WINDOWS\Sun\Java\bin;C:\WINDOWS\system32;C:\WINDOWS;C:\Python27\;C:\Python27\Scripts;C:\ProgramData\Oracle\Java\javapath;C:\WINDOWS\system32;C:\WINDOWS;\System32\Wbem;C:\WINDOWS\System32\WindowsPowerShell\v1.0\;E:\jdk18\jdk1.8\bin;E:\MySql\MYSQL\bin;E:\ice\ice\bin;C:\WINDOWS\System32\Wbem;C:\WINDOWS\System32\OpenSSH\;E:\maven\apache-maven-3.6.0\bin;C:\Program Files\Intel\WiFi\bin\;C:\Program Files\Common Files\Intel\WirelessCommon\;E:\svn\bin;E:\SVN服务器\bin;%G;ADLE_HOME%\bin;C:\ProgramData\chocolatey\bin;E:\work\nodes\;F:\Microsoft VS Code\bin;C:\Users\zhouweipeng\AppData\Local\Microsoft\WindowsApps;C:\Users\zhouweipeng\AppData\Local\BypassRuntm;E:\work\nodes\node_global;;.]
2020-04-08 16:40:22.583 [main] INFO  o.a.c.core.ContainerBase.[Tomcat].[localhost].[/] - Initializing Spring embedded WebApplicationContext
2020-04-08 16:40:22.584 [main] INFO  org.springframework.web.context.ContextLoader - Root WebApplicationContext: initialization completed in 4325 ms
2020-04-08 16:40:22.780 [main] INFO  c.a.d.s.b.a.DruidDataSourceAutoConfigure - Init DruidDataSource
2020-04-08 16:40:23.337 [main] INFO  com.alibaba.druid.pool.DruidDataSource - {dataSource-1} inited
2020-04-08 16:40:25.048 [main] INFO  s.d.s.w.PropertySourcedRequestMappingHandlerMapping - Mapped URL path [/v2/api-docs] onto method [public org.springframework.http.ResponseEntity<springfox.documentation.spring.web.json.Json> springfox.documentation.swagger2.web.Swagger2Controller.getDocumentation(java.lang.String,javax.servlet.http.HttpServletRequest)]
2020-04-08 16:40:25.593 [main] INFO  o.s.scheduling.concurrent.ThreadPoolTaskExecutor - Initializing ExecutorService 'applicationTaskExecutor'
2020-04-08 16:40:27.497 [main] INFO  s.d.s.web.plugins.DocumentationPluginsBootstrapper - Context refreshed
2020-04-08 16:40:27.542 [main] INFO  s.d.s.web.plugins.DocumentationPluginsBootstrapper - Found 1 custom documentation plugin(s)
2020-04-08 16:40:27.597 [main] INFO  s.d.spring.web.scanners.ApiListingReferenceScanner - Scanning for api listing references
2020-04-08 16:40:27.889 [main] INFO  org.apache.coyote.http11.Http11NioProtocol - Starting ProtocolHandler ["http-nio-8081"]
2020-04-08 16:40:27.921 [main] INFO  o.s.boot.web.embedded.tomcat.TomcatWebServer - Tomcat started on port(s): 8081 (http) with context path ''
2020-04-08 16:40:27.925 [main] INFO  com.atguigu.serviceedu.EduApplication - Started EduApplication in 10.837 seconds (JVM running for 11.589)
2020-04-08 16:40:44.486 [http-nio-8081-exec-2] INFO  o.a.c.core.ContainerBase.[Tomcat].[localhost].[/] - Initializing Spring DispatcherServlet 'dispatcherServlet'
2020-04-08 16:40:44.486 [http-nio-8081-exec-2] INFO  org.springframework.web.servlet.DispatcherServlet - Initializing Servlet 'dispatcherServlet'
2020-04-08 16:40:44.495 [http-nio-8081-exec-2] INFO  org.springframework.web.servlet.DispatcherServlet - Completed initialization in 9 ms
2020-04-08 16:42:57.584 [main] INFO  com.atguigu.serviceedu.EduApplication - Starting EduApplication on DESKTOP-Q1IK3TI with PID 50028 (E:\springboot-resource\atguigus\guli_parent\service\service_edu\target\classes started by zhouweipeng in E:\springboot-resource\atguigus\guli_parent)
2020-04-08 16:42:57.588 [main] INFO  com.atguigu.serviceedu.EduApplication - The following profiles are active: dev
2020-04-08 16:42:58.646 [main] INFO  o.s.d.r.config.RepositoryConfigurationDelegate - Multiple Spring Data modules found, entering strict repository configuration mode!
2020-04-08 16:42:58.650 [main] INFO  o.s.d.r.config.RepositoryConfigurationDelegate - Bootstrapping Spring Data repositories in DEFAULT mode.
2020-04-08 16:42:58.695 [main] INFO  o.s.d.r.config.RepositoryConfigurationDelegate - Finished Spring Data repository scanning in 30ms. Found 0 repository interfaces.
2020-04-08 16:42:59.070 [main] INFO  o.s.c.s.PostProcessorRegistrationDelegate$BeanPostProcessorChecker - Bean 'org.springframework.transaction.annotation.ProxyTransactionManagementConfiguration' of type [org.springframework.transaction.annotation.ProxyTransactionManagementConfiguration$$EnhancerBySpringCGLIB$$1d5c8854] is not eligible for getting processed by all BeanPostProcessors (for example: not eligible for auto-proxying)
2020-04-08 16:43:00.152 [main] INFO  o.s.boot.web.embedded.tomcat.TomcatWebServer - Tomcat initialized with port(s): 8081 (http)
2020-04-08 16:43:00.169 [main] INFO  org.apache.coyote.http11.Http11NioProtocol - Initializing ProtocolHandler ["http-nio-8081"]
2020-04-08 16:43:00.180 [main] INFO  org.apache.catalina.core.StandardService - Starting service [Tomcat]
2020-04-08 16:43:00.181 [main] INFO  org.apache.catalina.core.StandardEngine - Starting Servlet engine: [Apache Tomcat/9.0.16]
2020-04-08 16:43:00.193 [main] INFO  org.apache.catalina.core.AprLifecycleListener - The APR based Apache Tomcat Native library which allows optimal performance in production environments was not found on the java.library.path: [E:\jdk18\jdk1.8\bin;C:\WINDOWS\Sun\Java\bin;C:\WINDOWS\system32;C:\WINDOWS;C:\Python27\;C:\Python27\Scripts;C:\ProgramData\Oracle\Java\javapath;C:\WINDOWS\system32;C:\WINDOWS;\System32\Wbem;C:\WINDOWS\System32\WindowsPowerShell\v1.0\;E:\jdk18\jdk1.8\bin;E:\MySql\MYSQL\bin;E:\ice\ice\bin;C:\WINDOWS\System32\Wbem;C:\WINDOWS\System32\OpenSSH\;E:\maven\apache-maven-3.6.0\bin;C:\Program Files\Intel\WiFi\bin\;C:\Program Files\Common Files\Intel\WirelessCommon\;E:\svn\bin;E:\SVN服务器\bin;%G;ADLE_HOME%\bin;C:\ProgramData\chocolatey\bin;E:\work\nodes\;F:\Microsoft VS Code\bin;C:\Users\zhouweipeng\AppData\Local\Microsoft\WindowsApps;C:\Users\zhouweipeng\AppData\Local\BypassRuntm;E:\work\nodes\node_global;;.]
2020-04-08 16:43:00.353 [main] INFO  o.a.c.core.ContainerBase.[Tomcat].[localhost].[/] - Initializing Spring embedded WebApplicationContext
2020-04-08 16:43:00.354 [main] INFO  org.springframework.web.context.ContextLoader - Root WebApplicationContext: initialization completed in 2708 ms
2020-04-08 16:43:00.530 [main] INFO  c.a.d.s.b.a.DruidDataSourceAutoConfigure - Init DruidDataSource
2020-04-08 16:43:00.826 [main] INFO  com.alibaba.druid.pool.DruidDataSource - {dataSource-1} inited
2020-04-08 16:43:01.795 [main] INFO  s.d.s.w.PropertySourcedRequestMappingHandlerMapping - Mapped URL path [/v2/api-docs] onto method [public org.springframework.http.ResponseEntity<springfox.documentation.spring.web.json.Json> springfox.documentation.swagger2.web.Swagger2Controller.getDocumentation(java.lang.String,javax.servlet.http.HttpServletRequest)]
2020-04-08 16:43:02.047 [main] INFO  o.s.scheduling.concurrent.ThreadPoolTaskExecutor - Initializing ExecutorService 'applicationTaskExecutor'
2020-04-08 16:43:02.714 [main] INFO  s.d.s.web.plugins.DocumentationPluginsBootstrapper - Context refreshed
2020-04-08 16:43:02.740 [main] INFO  s.d.s.web.plugins.DocumentationPluginsBootstrapper - Found 1 custom documentation plugin(s)
2020-04-08 16:43:02.779 [main] INFO  s.d.spring.web.scanners.ApiListingReferenceScanner - Scanning for api listing references
2020-04-08 16:43:03.006 [main] INFO  org.apache.coyote.http11.Http11NioProtocol - Starting ProtocolHandler ["http-nio-8081"]
2020-04-08 16:43:03.043 [main] INFO  o.s.boot.web.embedded.tomcat.TomcatWebServer - Tomcat started on port(s): 8081 (http) with context path ''
2020-04-08 16:43:03.047 [main] INFO  com.atguigu.serviceedu.EduApplication - Started EduApplication in 6.356 seconds (JVM running for 6.91)
2020-04-08 16:43:13.420 [http-nio-8081-exec-2] INFO  o.a.c.core.ContainerBase.[Tomcat].[localhost].[/] - Initializing Spring DispatcherServlet 'dispatcherServlet'
2020-04-08 16:43:13.421 [http-nio-8081-exec-2] INFO  org.springframework.web.servlet.DispatcherServlet - Initializing Servlet 'dispatcherServlet'
2020-04-08 16:43:13.441 [http-nio-8081-exec-2] INFO  org.springframework.web.servlet.DispatcherServlet - Completed initialization in 20 ms
2020-04-08 16:46:10.426 [main] INFO  com.atguigu.serviceedu.EduApplication - Starting EduApplication on DESKTOP-Q1IK3TI with PID 20152 (E:\springboot-resource\atguigus\guli_parent\service\service_edu\target\classes started by zhouweipeng in E:\springboot-resource\atguigus\guli_parent)
2020-04-08 16:46:10.430 [main] INFO  com.atguigu.serviceedu.EduApplication - The following profiles are active: dev
2020-04-08 16:46:11.482 [main] INFO  o.s.d.r.config.RepositoryConfigurationDelegate - Multiple Spring Data modules found, entering strict repository configuration mode!
2020-04-08 16:46:11.485 [main] INFO  o.s.d.r.config.RepositoryConfigurationDelegate - Bootstrapping Spring Data repositories in DEFAULT mode.
2020-04-08 16:46:11.527 [main] INFO  o.s.d.r.config.RepositoryConfigurationDelegate - Finished Spring Data repository scanning in 28ms. Found 0 repository interfaces.
2020-04-08 16:46:11.865 [main] INFO  o.s.c.s.PostProcessorRegistrationDelegate$BeanPostProcessorChecker - Bean 'org.springframework.transaction.annotation.ProxyTransactionManagementConfiguration' of type [org.springframework.transaction.annotation.ProxyTransactionManagementConfiguration$$EnhancerBySpringCGLIB$$b9b98c2] is not eligible for getting processed by all BeanPostProcessors (for example: not eligible for auto-proxying)
2020-04-08 16:46:12.895 [main] INFO  o.s.boot.web.embedded.tomcat.TomcatWebServer - Tomcat initialized with port(s): 8081 (http)
2020-04-08 16:46:12.912 [main] INFO  org.apache.coyote.http11.Http11NioProtocol - Initializing ProtocolHandler ["http-nio-8081"]
2020-04-08 16:46:12.922 [main] INFO  org.apache.catalina.core.StandardService - Starting service [Tomcat]
2020-04-08 16:46:12.923 [main] INFO  org.apache.catalina.core.StandardEngine - Starting Servlet engine: [Apache Tomcat/9.0.16]
2020-04-08 16:46:12.933 [main] INFO  org.apache.catalina.core.AprLifecycleListener - The APR based Apache Tomcat Native library which allows optimal performance in production environments was not found on the java.library.path: [E:\jdk18\jdk1.8\bin;C:\WINDOWS\Sun\Java\bin;C:\WINDOWS\system32;C:\WINDOWS;C:\Python27\;C:\Python27\Scripts;C:\ProgramData\Oracle\Java\javapath;C:\WINDOWS\system32;C:\WINDOWS;\System32\Wbem;C:\WINDOWS\System32\WindowsPowerShell\v1.0\;E:\jdk18\jdk1.8\bin;E:\MySql\MYSQL\bin;E:\ice\ice\bin;C:\WINDOWS\System32\Wbem;C:\WINDOWS\System32\OpenSSH\;E:\maven\apache-maven-3.6.0\bin;C:\Program Files\Intel\WiFi\bin\;C:\Program Files\Common Files\Intel\WirelessCommon\;E:\svn\bin;E:\SVN服务器\bin;%G;ADLE_HOME%\bin;C:\ProgramData\chocolatey\bin;E:\work\nodes\;F:\Microsoft VS Code\bin;C:\Users\zhouweipeng\AppData\Local\Microsoft\WindowsApps;C:\Users\zhouweipeng\AppData\Local\BypassRuntm;E:\work\nodes\node_global;;.]
2020-04-08 16:46:13.114 [main] INFO  o.a.c.core.ContainerBase.[Tomcat].[localhost].[/] - Initializing Spring embedded WebApplicationContext
2020-04-08 16:46:13.114 [main] INFO  org.springframework.web.context.ContextLoader - Root WebApplicationContext: initialization completed in 2579 ms
2020-04-08 16:46:13.246 [main] INFO  c.a.d.s.b.a.DruidDataSourceAutoConfigure - Init DruidDataSource
2020-04-08 16:46:13.531 [main] INFO  com.alibaba.druid.pool.DruidDataSource - {dataSource-1} inited
2020-04-08 16:46:14.535 [main] INFO  s.d.s.w.PropertySourcedRequestMappingHandlerMapping - Mapped URL path [/v2/api-docs] onto method [public org.springframework.http.ResponseEntity<springfox.documentation.spring.web.json.Json> springfox.documentation.swagger2.web.Swagger2Controller.getDocumentation(java.lang.String,javax.servlet.http.HttpServletRequest)]
2020-04-08 16:46:14.787 [main] INFO  o.s.scheduling.concurrent.ThreadPoolTaskExecutor - Initializing ExecutorService 'applicationTaskExecutor'
2020-04-08 16:46:15.429 [main] INFO  s.d.s.web.plugins.DocumentationPluginsBootstrapper - Context refreshed
2020-04-08 16:46:15.454 [main] INFO  s.d.s.web.plugins.DocumentationPluginsBootstrapper - Found 1 custom documentation plugin(s)
2020-04-08 16:46:15.488 [main] INFO  s.d.spring.web.scanners.ApiListingReferenceScanner - Scanning for api listing references
2020-04-08 16:46:15.716 [main] INFO  org.apache.coyote.http11.Http11NioProtocol - Starting ProtocolHandler ["http-nio-8081"]
2020-04-08 16:46:15.751 [main] INFO  o.s.boot.web.embedded.tomcat.TomcatWebServer - Tomcat started on port(s): 8081 (http) with context path ''
2020-04-08 16:46:15.754 [main] INFO  com.atguigu.serviceedu.EduApplication - Started EduApplication in 6.14 seconds (JVM running for 6.683)
2020-04-08 16:46:33.195 [http-nio-8081-exec-1] INFO  o.a.c.core.ContainerBase.[Tomcat].[localhost].[/] - Initializing Spring DispatcherServlet 'dispatcherServlet'
2020-04-08 16:46:33.195 [http-nio-8081-exec-1] INFO  org.springframework.web.servlet.DispatcherServlet - Initializing Servlet 'dispatcherServlet'
2020-04-08 16:46:33.214 [http-nio-8081-exec-1] INFO  org.springframework.web.servlet.DispatcherServlet - Completed initialization in 18 ms
2020-04-08 17:07:36.460 [main] INFO  com.atguigu.serviceedu.EduApplication - Starting EduApplication on DESKTOP-Q1IK3TI with PID 1736 (E:\springboot-resource\atguigus\guli_parent\service\service_edu\target\classes started by zhouweipeng in E:\springboot-resource\atguigus\guli_parent)
2020-04-08 17:07:36.465 [main] INFO  com.atguigu.serviceedu.EduApplication - The following profiles are active: dev
2020-04-08 17:07:37.448 [main] INFO  o.s.d.r.config.RepositoryConfigurationDelegate - Multiple Spring Data modules found, entering strict repository configuration mode!
2020-04-08 17:07:37.451 [main] INFO  o.s.d.r.config.RepositoryConfigurationDelegate - Bootstrapping Spring Data repositories in DEFAULT mode.
2020-04-08 17:07:37.495 [main] INFO  o.s.d.r.config.RepositoryConfigurationDelegate - Finished Spring Data repository scanning in 27ms. Found 0 repository interfaces.
2020-04-08 17:07:37.845 [main] INFO  o.s.c.s.PostProcessorRegistrationDelegate$BeanPostProcessorChecker - Bean 'org.springframework.transaction.annotation.ProxyTransactionManagementConfiguration' of type [org.springframework.transaction.annotation.ProxyTransactionManagementConfiguration$$EnhancerBySpringCGLIB$$d3c510ee] is not eligible for getting processed by all BeanPostProcessors (for example: not eligible for auto-proxying)
2020-04-08 17:07:38.852 [main] INFO  o.s.boot.web.embedded.tomcat.TomcatWebServer - Tomcat initialized with port(s): 8081 (http)
2020-04-08 17:07:38.872 [main] INFO  org.apache.coyote.http11.Http11NioProtocol - Initializing ProtocolHandler ["http-nio-8081"]
2020-04-08 17:07:38.883 [main] INFO  org.apache.catalina.core.StandardService - Starting service [Tomcat]
2020-04-08 17:07:38.883 [main] INFO  org.apache.catalina.core.StandardEngine - Starting Servlet engine: [Apache Tomcat/9.0.16]
2020-04-08 17:07:38.893 [main] INFO  org.apache.catalina.core.AprLifecycleListener - The APR based Apache Tomcat Native library which allows optimal performance in production environments was not found on the java.library.path: [E:\jdk18\jdk1.8\bin;C:\WINDOWS\Sun\Java\bin;C:\WINDOWS\system32;C:\WINDOWS;C:\Python27\;C:\Python27\Scripts;C:\ProgramData\Oracle\Java\javapath;C:\WINDOWS\system32;C:\WINDOWS;\System32\Wbem;C:\WINDOWS\System32\WindowsPowerShell\v1.0\;E:\jdk18\jdk1.8\bin;E:\MySql\MYSQL\bin;E:\ice\ice\bin;C:\WINDOWS\System32\Wbem;C:\WINDOWS\System32\OpenSSH\;E:\maven\apache-maven-3.6.0\bin;C:\Program Files\Intel\WiFi\bin\;C:\Program Files\Common Files\Intel\WirelessCommon\;E:\svn\bin;E:\SVN服务器\bin;%G;ADLE_HOME%\bin;C:\ProgramData\chocolatey\bin;E:\work\nodes\;F:\Microsoft VS Code\bin;C:\Users\zhouweipeng\AppData\Local\Microsoft\WindowsApps;C:\Users\zhouweipeng\AppData\Local\BypassRuntm;E:\work\nodes\node_global;;.]
2020-04-08 17:07:39.037 [main] INFO  o.a.c.core.ContainerBase.[Tomcat].[localhost].[/] - Initializing Spring embedded WebApplicationContext
2020-04-08 17:07:39.038 [main] INFO  org.springframework.web.context.ContextLoader - Root WebApplicationContext: initialization completed in 2517 ms
2020-04-08 17:07:39.190 [main] INFO  c.a.d.s.b.a.DruidDataSourceAutoConfigure - Init DruidDataSource
2020-04-08 17:07:39.497 [main] INFO  com.alibaba.druid.pool.DruidDataSource - {dataSource-1} inited
2020-04-08 17:07:40.562 [main] INFO  s.d.s.w.PropertySourcedRequestMappingHandlerMapping - Mapped URL path [/v2/api-docs] onto method [public org.springframework.http.ResponseEntity<springfox.documentation.spring.web.json.Json> springfox.documentation.swagger2.web.Swagger2Controller.getDocumentation(java.lang.String,javax.servlet.http.HttpServletRequest)]
2020-04-08 17:07:40.812 [main] INFO  o.s.scheduling.concurrent.ThreadPoolTaskExecutor - Initializing ExecutorService 'applicationTaskExecutor'
2020-04-08 17:07:41.468 [main] INFO  s.d.s.web.plugins.DocumentationPluginsBootstrapper - Context refreshed
2020-04-08 17:07:41.489 [main] INFO  s.d.s.web.plugins.DocumentationPluginsBootstrapper - Found 1 custom documentation plugin(s)
2020-04-08 17:07:41.556 [main] INFO  s.d.spring.web.scanners.ApiListingReferenceScanner - Scanning for api listing references
2020-04-08 17:07:41.824 [main] INFO  org.apache.coyote.http11.Http11NioProtocol - Starting ProtocolHandler ["http-nio-8081"]
2020-04-08 17:07:41.857 [main] INFO  o.s.boot.web.embedded.tomcat.TomcatWebServer - Tomcat started on port(s): 8081 (http) with context path ''
2020-04-08 17:07:41.860 [main] INFO  com.atguigu.serviceedu.EduApplication - Started EduApplication in 6.227 seconds (JVM running for 6.803)
2020-04-08 17:07:52.682 [http-nio-8081-exec-2] INFO  o.a.c.core.ContainerBase.[Tomcat].[localhost].[/] - Initializing Spring DispatcherServlet 'dispatcherServlet'
2020-04-08 17:07:52.682 [http-nio-8081-exec-2] INFO  org.springframework.web.servlet.DispatcherServlet - Initializing Servlet 'dispatcherServlet'
2020-04-08 17:07:52.694 [http-nio-8081-exec-2] INFO  org.springframework.web.servlet.DispatcherServlet - Completed initialization in 12 ms
2020-04-08 17:09:51.782 [main] INFO  com.atguigu.serviceedu.EduApplication - Starting EduApplication on DESKTOP-Q1IK3TI with PID 35108 (E:\springboot-resource\atguigus\guli_parent\service\service_edu\target\classes started by zhouweipeng in E:\springboot-resource\atguigus\guli_parent)
2020-04-08 17:09:51.819 [main] INFO  com.atguigu.serviceedu.EduApplication - The following profiles are active: dev
2020-04-08 17:09:52.973 [main] INFO  o.s.d.r.config.RepositoryConfigurationDelegate - Multiple Spring Data modules found, entering strict repository configuration mode!
2020-04-08 17:09:52.976 [main] INFO  o.s.d.r.config.RepositoryConfigurationDelegate - Bootstrapping Spring Data repositories in DEFAULT mode.
2020-04-08 17:09:53.017 [main] INFO  o.s.d.r.config.RepositoryConfigurationDelegate - Finished Spring Data repository scanning in 26ms. Found 0 repository interfaces.
2020-04-08 17:09:53.383 [main] INFO  o.s.c.s.PostProcessorRegistrationDelegate$BeanPostProcessorChecker - Bean 'org.springframework.transaction.annotation.ProxyTransactionManagementConfiguration' of type [org.springframework.transaction.annotation.ProxyTransactionManagementConfiguration$$EnhancerBySpringCGLIB$$47cbacaf] is not eligible for getting processed by all BeanPostProcessors (for example: not eligible for auto-proxying)
2020-04-08 17:09:54.411 [main] INFO  o.s.boot.web.embedded.tomcat.TomcatWebServer - Tomcat initialized with port(s): 8081 (http)
2020-04-08 17:09:54.429 [main] INFO  org.apache.coyote.http11.Http11NioProtocol - Initializing ProtocolHandler ["http-nio-8081"]
2020-04-08 17:09:54.440 [main] INFO  org.apache.catalina.core.StandardService - Starting service [Tomcat]
2020-04-08 17:09:54.440 [main] INFO  org.apache.catalina.core.StandardEngine - Starting Servlet engine: [Apache Tomcat/9.0.16]
2020-04-08 17:09:54.452 [main] INFO  org.apache.catalina.core.AprLifecycleListener - The APR based Apache Tomcat Native library which allows optimal performance in production environments was not found on the java.library.path: [E:\jdk18\jdk1.8\bin;C:\WINDOWS\Sun\Java\bin;C:\WINDOWS\system32;C:\WINDOWS;C:\Python27\;C:\Python27\Scripts;C:\ProgramData\Oracle\Java\javapath;C:\WINDOWS\system32;C:\WINDOWS;\System32\Wbem;C:\WINDOWS\System32\WindowsPowerShell\v1.0\;E:\jdk18\jdk1.8\bin;E:\MySql\MYSQL\bin;E:\ice\ice\bin;C:\WINDOWS\System32\Wbem;C:\WINDOWS\System32\OpenSSH\;E:\maven\apache-maven-3.6.0\bin;C:\Program Files\Intel\WiFi\bin\;C:\Program Files\Common Files\Intel\WirelessCommon\;E:\svn\bin;E:\SVN服务器\bin;%G;ADLE_HOME%\bin;C:\ProgramData\chocolatey\bin;E:\work\nodes\;F:\Microsoft VS Code\bin;C:\Users\zhouweipeng\AppData\Local\Microsoft\WindowsApps;C:\Users\zhouweipeng\AppData\Local\BypassRuntm;E:\work\nodes\node_global;;.]
2020-04-08 17:09:54.590 [main] INFO  o.a.c.core.ContainerBase.[Tomcat].[localhost].[/] - Initializing Spring embedded WebApplicationContext
2020-04-08 17:09:54.591 [main] INFO  org.springframework.web.context.ContextLoader - Root WebApplicationContext: initialization completed in 2689 ms
2020-04-08 17:09:54.741 [main] INFO  c.a.d.s.b.a.DruidDataSourceAutoConfigure - Init DruidDataSource
2020-04-08 17:09:55.106 [main] INFO  com.alibaba.druid.pool.DruidDataSource - {dataSource-1} inited
2020-04-08 17:09:56.237 [main] INFO  s.d.s.w.PropertySourcedRequestMappingHandlerMapping - Mapped URL path [/v2/api-docs] onto method [public org.springframework.http.ResponseEntity<springfox.documentation.spring.web.json.Json> springfox.documentation.swagger2.web.Swagger2Controller.getDocumentation(java.lang.String,javax.servlet.http.HttpServletRequest)]
2020-04-08 17:09:56.499 [main] INFO  o.s.scheduling.concurrent.ThreadPoolTaskExecutor - Initializing ExecutorService 'applicationTaskExecutor'
2020-04-08 17:09:57.240 [main] INFO  s.d.s.web.plugins.DocumentationPluginsBootstrapper - Context refreshed
2020-04-08 17:09:57.265 [main] INFO  s.d.s.web.plugins.DocumentationPluginsBootstrapper - Found 1 custom documentation plugin(s)
2020-04-08 17:09:57.320 [main] INFO  s.d.spring.web.scanners.ApiListingReferenceScanner - Scanning for api listing references
2020-04-08 17:09:57.531 [main] INFO  org.apache.coyote.http11.Http11NioProtocol - Starting ProtocolHandler ["http-nio-8081"]
2020-04-08 17:09:57.568 [main] INFO  o.s.boot.web.embedded.tomcat.TomcatWebServer - Tomcat started on port(s): 8081 (http) with context path ''
2020-04-08 17:09:57.571 [main] INFO  com.atguigu.serviceedu.EduApplication - Started EduApplication in 6.663 seconds (JVM running for 7.189)
2020-04-08 17:10:12.878 [http-nio-8081-exec-2] INFO  o.a.c.core.ContainerBase.[Tomcat].[localhost].[/] - Initializing Spring DispatcherServlet 'dispatcherServlet'
2020-04-08 17:10:12.879 [http-nio-8081-exec-2] INFO  org.springframework.web.servlet.DispatcherServlet - Initializing Servlet 'dispatcherServlet'
2020-04-08 17:10:12.889 [http-nio-8081-exec-2] INFO  org.springframework.web.servlet.DispatcherServlet - Completed initialization in 10 ms
2020-04-08 17:19:18.321 [main] INFO  com.atguigu.serviceedu.EduApplication - Starting EduApplication on DESKTOP-Q1IK3TI with PID 13732 (E:\springboot-resource\atguigus\guli_parent\service\service_edu\target\classes started by zhouweipeng in E:\springboot-resource\atguigus\guli_parent)
2020-04-08 17:19:18.326 [main] INFO  com.atguigu.serviceedu.EduApplication - The following profiles are active: dev
2020-04-08 17:19:19.405 [main] INFO  o.s.d.r.config.RepositoryConfigurationDelegate - Multiple Spring Data modules found, entering strict repository configuration mode!
2020-04-08 17:19:19.409 [main] INFO  o.s.d.r.config.RepositoryConfigurationDelegate - Bootstrapping Spring Data repositories in DEFAULT mode.
2020-04-08 17:19:19.462 [main] INFO  o.s.d.r.config.RepositoryConfigurationDelegate - Finished Spring Data repository scanning in 34ms. Found 0 repository interfaces.
2020-04-08 17:19:19.879 [main] INFO  o.s.c.s.PostProcessorRegistrationDelegate$BeanPostProcessorChecker - Bean 'org.springframework.transaction.annotation.ProxyTransactionManagementConfiguration' of type [org.springframework.transaction.annotation.ProxyTransactionManagementConfiguration$$EnhancerBySpringCGLIB$$f44b1f1e] is not eligible for getting processed by all BeanPostProcessors (for example: not eligible for auto-proxying)
2020-04-08 17:19:20.986 [main] INFO  o.s.boot.web.embedded.tomcat.TomcatWebServer - Tomcat initialized with port(s): 8081 (http)
2020-04-08 17:19:21.007 [main] INFO  org.apache.coyote.http11.Http11NioProtocol - Initializing ProtocolHandler ["http-nio-8081"]
2020-04-08 17:19:21.019 [main] INFO  org.apache.catalina.core.StandardService - Starting service [Tomcat]
2020-04-08 17:19:21.019 [main] INFO  org.apache.catalina.core.StandardEngine - Starting Servlet engine: [Apache Tomcat/9.0.16]
2020-04-08 17:19:21.032 [main] INFO  org.apache.catalina.core.AprLifecycleListener - The APR based Apache Tomcat Native library which allows optimal performance in production environments was not found on the java.library.path: [E:\jdk18\jdk1.8\bin;C:\WINDOWS\Sun\Java\bin;C:\WINDOWS\system32;C:\WINDOWS;C:\Python27\;C:\Python27\Scripts;C:\ProgramData\Oracle\Java\javapath;C:\WINDOWS\system32;C:\WINDOWS;\System32\Wbem;C:\WINDOWS\System32\WindowsPowerShell\v1.0\;E:\jdk18\jdk1.8\bin;E:\MySql\MYSQL\bin;E:\ice\ice\bin;C:\WINDOWS\System32\Wbem;C:\WINDOWS\System32\OpenSSH\;E:\maven\apache-maven-3.6.0\bin;C:\Program Files\Intel\WiFi\bin\;C:\Program Files\Common Files\Intel\WirelessCommon\;E:\svn\bin;E:\SVN服务器\bin;%G;ADLE_HOME%\bin;C:\ProgramData\chocolatey\bin;E:\work\nodes\;F:\Microsoft VS Code\bin;C:\Users\zhouweipeng\AppData\Local\Microsoft\WindowsApps;C:\Users\zhouweipeng\AppData\Local\BypassRuntm;E:\work\nodes\node_global;;.]
2020-04-08 17:19:21.186 [main] INFO  o.a.c.core.ContainerBase.[Tomcat].[localhost].[/] - Initializing Spring embedded WebApplicationContext
2020-04-08 17:19:21.187 [main] INFO  org.springframework.web.context.ContextLoader - Root WebApplicationContext: initialization completed in 2805 ms
2020-04-08 17:19:21.346 [main] INFO  c.a.d.s.b.a.DruidDataSourceAutoConfigure - Init DruidDataSource
2020-04-08 17:19:21.716 [main] INFO  com.alibaba.druid.pool.DruidDataSource - {dataSource-1} inited
2020-04-08 17:19:23.001 [main] INFO  s.d.s.w.PropertySourcedRequestMappingHandlerMapping - Mapped URL path [/v2/api-docs] onto method [public org.springframework.http.ResponseEntity<springfox.documentation.spring.web.json.Json> springfox.documentation.swagger2.web.Swagger2Controller.getDocumentation(java.lang.String,javax.servlet.http.HttpServletRequest)]
2020-04-08 17:19:23.328 [main] INFO  o.s.scheduling.concurrent.ThreadPoolTaskExecutor - Initializing ExecutorService 'applicationTaskExecutor'
2020-04-08 17:19:24.083 [main] INFO  s.d.s.web.plugins.DocumentationPluginsBootstrapper - Context refreshed
2020-04-08 17:19:24.108 [main] INFO  s.d.s.web.plugins.DocumentationPluginsBootstrapper - Found 1 custom documentation plugin(s)
2020-04-08 17:19:24.178 [main] INFO  s.d.spring.web.scanners.ApiListingReferenceScanner - Scanning for api listing references
2020-04-08 17:19:24.408 [main] INFO  org.apache.coyote.http11.Http11NioProtocol - Starting ProtocolHandler ["http-nio-8081"]
2020-04-08 17:19:24.448 [main] INFO  o.s.boot.web.embedded.tomcat.TomcatWebServer - Tomcat started on port(s): 8081 (http) with context path ''
2020-04-08 17:19:24.542 [main] INFO  com.atguigu.serviceedu.EduApplication - Started EduApplication in 7.199 seconds (JVM running for 7.847)
2020-04-08 17:22:48.755 [restartedMain] INFO  com.atguigu.serviceedu.EduApplication - Starting EduApplication on DESKTOP-Q1IK3TI with PID 43768 (E:\springboot-resource\atguigus\guli_parent\service\service_edu\target\classes started by zhouweipeng in E:\springboot-resource\atguigus\guli_parent)
2020-04-08 17:22:48.757 [restartedMain] INFO  com.atguigu.serviceedu.EduApplication - The following profiles are active: dev
2020-04-08 17:22:48.851 [restartedMain] INFO  o.s.b.d.env.DevToolsPropertyDefaultsPostProcessor - Devtools property defaults active! Set 'spring.devtools.add-properties' to 'false' to disable
2020-04-08 17:22:48.851 [restartedMain] INFO  o.s.b.d.env.DevToolsPropertyDefaultsPostProcessor - For additional web related logging consider setting the 'logging.level.web' property to 'DEBUG'
2020-04-08 17:22:50.258 [restartedMain] INFO  o.s.d.r.config.RepositoryConfigurationDelegate - Multiple Spring Data modules found, entering strict repository configuration mode!
2020-04-08 17:22:50.261 [restartedMain] INFO  o.s.d.r.config.RepositoryConfigurationDelegate - Bootstrapping Spring Data repositories in DEFAULT mode.
2020-04-08 17:22:50.304 [restartedMain] INFO  o.s.d.r.config.RepositoryConfigurationDelegate - Finished Spring Data repository scanning in 28ms. Found 0 repository interfaces.
2020-04-08 17:22:50.705 [restartedMain] INFO  o.s.c.s.PostProcessorRegistrationDelegate$BeanPostProcessorChecker - Bean 'org.springframework.transaction.annotation.ProxyTransactionManagementConfiguration' of type [org.springframework.transaction.annotation.ProxyTransactionManagementConfiguration$$EnhancerBySpringCGLIB$$7819585b] is not eligible for getting processed by all BeanPostProcessors (for example: not eligible for auto-proxying)
2020-04-08 17:22:51.848 [restartedMain] INFO  o.s.boot.web.embedded.tomcat.TomcatWebServer - Tomcat initialized with port(s): 8081 (http)
2020-04-08 17:22:51.865 [restartedMain] INFO  org.apache.coyote.http11.Http11NioProtocol - Initializing ProtocolHandler ["http-nio-8081"]
2020-04-08 17:22:51.876 [restartedMain] INFO  org.apache.catalina.core.StandardService - Starting service [Tomcat]
2020-04-08 17:22:51.876 [restartedMain] INFO  org.apache.catalina.core.StandardEngine - Starting Servlet engine: [Apache Tomcat/9.0.16]
2020-04-08 17:22:51.888 [restartedMain] INFO  org.apache.catalina.core.AprLifecycleListener - The APR based Apache Tomcat Native library which allows optimal performance in production environments was not found on the java.library.path: [E:\jdk18\jdk1.8\bin;C:\WINDOWS\Sun\Java\bin;C:\WINDOWS\system32;C:\WINDOWS;C:\Python27\;C:\Python27\Scripts;C:\ProgramData\Oracle\Java\javapath;C:\WINDOWS\system32;C:\WINDOWS;\System32\Wbem;C:\WINDOWS\System32\WindowsPowerShell\v1.0\;E:\jdk18\jdk1.8\bin;E:\MySql\MYSQL\bin;E:\ice\ice\bin;C:\WINDOWS\System32\Wbem;C:\WINDOWS\System32\OpenSSH\;E:\maven\apache-maven-3.6.0\bin;C:\Program Files\Intel\WiFi\bin\;C:\Program Files\Common Files\Intel\WirelessCommon\;E:\svn\bin;E:\SVN服务器\bin;%G;ADLE_HOME%\bin;C:\ProgramData\chocolatey\bin;E:\work\nodes\;F:\Microsoft VS Code\bin;C:\Users\zhouweipeng\AppData\Local\Microsoft\WindowsApps;C:\Users\zhouweipeng\AppData\Local\BypassRuntm;E:\work\nodes\node_global;;.]
2020-04-08 17:22:52.015 [restartedMain] INFO  o.a.c.core.ContainerBase.[Tomcat].[localhost].[/] - Initializing Spring embedded WebApplicationContext
2020-04-08 17:22:52.016 [restartedMain] INFO  org.springframework.web.context.ContextLoader - Root WebApplicationContext: initialization completed in 3165 ms
2020-04-08 17:22:52.160 [restartedMain] INFO  c.a.d.s.b.a.DruidDataSourceAutoConfigure - Init DruidDataSource
2020-04-08 17:22:52.477 [restartedMain] INFO  com.alibaba.druid.pool.DruidDataSource - {dataSource-1} inited
2020-04-08 17:22:53.663 [restartedMain] INFO  s.d.s.w.PropertySourcedRequestMappingHandlerMapping - Mapped URL path [/v2/api-docs] onto method [public org.springframework.http.ResponseEntity<springfox.documentation.spring.web.json.Json> springfox.documentation.swagger2.web.Swagger2Controller.getDocumentation(java.lang.String,javax.servlet.http.HttpServletRequest)]
2020-04-08 17:22:53.921 [restartedMain] INFO  o.s.scheduling.concurrent.ThreadPoolTaskExecutor - Initializing ExecutorService 'applicationTaskExecutor'
2020-04-08 17:22:53.949 [restartedMain] INFO  o.s.b.d.autoconfigure.OptionalLiveReloadServer - LiveReload server is running on port 35729
2020-04-08 17:22:55.153 [restartedMain] INFO  s.d.s.web.plugins.DocumentationPluginsBootstrapper - Context refreshed
2020-04-08 17:22:55.177 [restartedMain] INFO  s.d.s.web.plugins.DocumentationPluginsBootstrapper - Found 1 custom documentation plugin(s)
2020-04-08 17:22:55.217 [restartedMain] INFO  s.d.spring.web.scanners.ApiListingReferenceScanner - Scanning for api listing references
2020-04-08 17:22:55.550 [restartedMain] INFO  org.apache.coyote.http11.Http11NioProtocol - Starting ProtocolHandler ["http-nio-8081"]
2020-04-08 17:22:55.581 [restartedMain] INFO  o.s.boot.web.embedded.tomcat.TomcatWebServer - Tomcat started on port(s): 8081 (http) with context path ''
2020-04-08 17:22:55.584 [restartedMain] INFO  com.atguigu.serviceedu.EduApplication - Started EduApplication in 7.704 seconds (JVM running for 8.366)
2020-04-08 17:23:16.075 [http-nio-8081-exec-2] INFO  o.a.c.core.ContainerBase.[Tomcat].[localhost].[/] - Initializing Spring DispatcherServlet 'dispatcherServlet'
2020-04-08 17:23:16.076 [http-nio-8081-exec-2] INFO  org.springframework.web.servlet.DispatcherServlet - Initializing Servlet 'dispatcherServlet'
2020-04-08 17:23:16.088 [http-nio-8081-exec-2] INFO  org.springframework.web.servlet.DispatcherServlet - Completed initialization in 12 ms
2020-04-08 17:24:47.968 [restartedMain] INFO  com.atguigu.serviceedu.EduApplication - Starting EduApplication on DESKTOP-Q1IK3TI with PID 50960 (E:\springboot-resource\atguigus\guli_parent\service\service_edu\target\classes started by zhouweipeng in E:\springboot-resource\atguigus\guli_parent)
2020-04-08 17:24:47.971 [restartedMain] INFO  com.atguigu.serviceedu.EduApplication - The following profiles are active: dev
2020-04-08 17:24:48.032 [restartedMain] INFO  o.s.b.d.env.DevToolsPropertyDefaultsPostProcessor - Devtools property defaults active! Set 'spring.devtools.add-properties' to 'false' to disable
2020-04-08 17:24:48.032 [restartedMain] INFO  o.s.b.d.env.DevToolsPropertyDefaultsPostProcessor - For additional web related logging consider setting the 'logging.level.web' property to 'DEBUG'
2020-04-08 17:24:49.257 [restartedMain] INFO  o.s.d.r.config.RepositoryConfigurationDelegate - Multiple Spring Data modules found, entering strict repository configuration mode!
2020-04-08 17:24:49.260 [restartedMain] INFO  o.s.d.r.config.RepositoryConfigurationDelegate - Bootstrapping Spring Data repositories in DEFAULT mode.
2020-04-08 17:24:49.298 [restartedMain] INFO  o.s.d.r.config.RepositoryConfigurationDelegate - Finished Spring Data repository scanning in 26ms. Found 0 repository interfaces.
2020-04-08 17:24:49.597 [restartedMain] INFO  o.s.c.s.PostProcessorRegistrationDelegate$BeanPostProcessorChecker - Bean 'org.springframework.transaction.annotation.ProxyTransactionManagementConfiguration' of type [org.springframework.transaction.annotation.ProxyTransactionManagementConfiguration$$EnhancerBySpringCGLIB$$3e0f969b] is not eligible for getting processed by all BeanPostProcessors (for example: not eligible for auto-proxying)
2020-04-08 17:24:50.672 [restartedMain] INFO  o.s.boot.web.embedded.tomcat.TomcatWebServer - Tomcat initialized with port(s): 8081 (http)
2020-04-08 17:24:50.688 [restartedMain] INFO  org.apache.coyote.http11.Http11NioProtocol - Initializing ProtocolHandler ["http-nio-8081"]
2020-04-08 17:24:50.698 [restartedMain] INFO  org.apache.catalina.core.StandardService - Starting service [Tomcat]
2020-04-08 17:24:50.699 [restartedMain] INFO  org.apache.catalina.core.StandardEngine - Starting Servlet engine: [Apache Tomcat/9.0.16]
2020-04-08 17:24:50.710 [restartedMain] INFO  org.apache.catalina.core.AprLifecycleListener - The APR based Apache Tomcat Native library which allows optimal performance in production environments was not found on the java.library.path: [E:\jdk18\jdk1.8\bin;C:\WINDOWS\Sun\Java\bin;C:\WINDOWS\system32;C:\WINDOWS;C:\Python27\;C:\Python27\Scripts;C:\ProgramData\Oracle\Java\javapath;C:\WINDOWS\system32;C:\WINDOWS;\System32\Wbem;C:\WINDOWS\System32\WindowsPowerShell\v1.0\;E:\jdk18\jdk1.8\bin;E:\MySql\MYSQL\bin;E:\ice\ice\bin;C:\WINDOWS\System32\Wbem;C:\WINDOWS\System32\OpenSSH\;E:\maven\apache-maven-3.6.0\bin;C:\Program Files\Intel\WiFi\bin\;C:\Program Files\Common Files\Intel\WirelessCommon\;E:\svn\bin;E:\SVN服务器\bin;%G;ADLE_HOME%\bin;C:\ProgramData\chocolatey\bin;E:\work\nodes\;F:\Microsoft VS Code\bin;C:\Users\zhouweipeng\AppData\Local\Microsoft\WindowsApps;C:\Users\zhouweipeng\AppData\Local\BypassRuntm;E:\work\nodes\node_global;;.]
2020-04-08 17:24:50.825 [restartedMain] INFO  o.a.c.core.ContainerBase.[Tomcat].[localhost].[/] - Initializing Spring embedded WebApplicationContext
2020-04-08 17:24:50.825 [restartedMain] INFO  org.springframework.web.context.ContextLoader - Root WebApplicationContext: initialization completed in 2792 ms
2020-04-08 17:24:50.943 [restartedMain] INFO  c.a.d.s.b.a.DruidDataSourceAutoConfigure - Init DruidDataSource
2020-04-08 17:24:51.260 [restartedMain] INFO  com.alibaba.druid.pool.DruidDataSource - {dataSource-1} inited
2020-04-08 17:24:52.173 [restartedMain] INFO  s.d.s.w.PropertySourcedRequestMappingHandlerMapping - Mapped URL path [/v2/api-docs] onto method [public org.springframework.http.ResponseEntity<springfox.documentation.spring.web.json.Json> springfox.documentation.swagger2.web.Swagger2Controller.getDocumentation(java.lang.String,javax.servlet.http.HttpServletRequest)]
2020-04-08 17:24:52.407 [restartedMain] INFO  o.s.scheduling.concurrent.ThreadPoolTaskExecutor - Initializing ExecutorService 'applicationTaskExecutor'
2020-04-08 17:24:52.434 [restartedMain] INFO  o.s.b.d.autoconfigure.OptionalLiveReloadServer - LiveReload server is running on port 35729
2020-04-08 17:24:53.353 [restartedMain] INFO  s.d.s.web.plugins.DocumentationPluginsBootstrapper - Context refreshed
2020-04-08 17:24:53.377 [restartedMain] INFO  s.d.s.web.plugins.DocumentationPluginsBootstrapper - Found 1 custom documentation plugin(s)
2020-04-08 17:24:53.409 [restartedMain] INFO  s.d.spring.web.scanners.ApiListingReferenceScanner - Scanning for api listing references
2020-04-08 17:24:53.579 [restartedMain] INFO  org.apache.coyote.http11.Http11NioProtocol - Starting ProtocolHandler ["http-nio-8081"]
2020-04-08 17:24:53.614 [restartedMain] INFO  o.s.boot.web.embedded.tomcat.TomcatWebServer - Tomcat started on port(s): 8081 (http) with context path ''
2020-04-08 17:24:53.617 [restartedMain] INFO  com.atguigu.serviceedu.EduApplication - Started EduApplication in 6.384 seconds (JVM running for 6.943)
2020-04-08 17:25:01.256 [http-nio-8081-exec-3] INFO  o.a.c.core.ContainerBase.[Tomcat].[localhost].[/] - Initializing Spring DispatcherServlet 'dispatcherServlet'
2020-04-08 17:25:01.257 [http-nio-8081-exec-3] INFO  org.springframework.web.servlet.DispatcherServlet - Initializing Servlet 'dispatcherServlet'
2020-04-08 17:25:01.268 [http-nio-8081-exec-3] INFO  org.springframework.web.servlet.DispatcherServlet - Completed initialization in 11 ms
2020-04-08 17:30:10.430 [restartedMain] INFO  com.atguigu.serviceedu.EduApplication - Starting EduApplication on DESKTOP-Q1IK3TI with PID 44016 (E:\springboot-resource\atguigus\guli_parent\service\service_edu\target\classes started by zhouweipeng in E:\springboot-resource\atguigus\guli_parent)
2020-04-08 17:30:10.434 [restartedMain] INFO  com.atguigu.serviceedu.EduApplication - The following profiles are active: dev
2020-04-08 17:30:10.503 [restartedMain] INFO  o.s.b.d.env.DevToolsPropertyDefaultsPostProcessor - Devtools property defaults active! Set 'spring.devtools.add-properties' to 'false' to disable
2020-04-08 17:30:10.504 [restartedMain] INFO  o.s.b.d.env.DevToolsPropertyDefaultsPostProcessor - For additional web related logging consider setting the 'logging.level.web' property to 'DEBUG'
2020-04-08 17:30:11.941 [restartedMain] INFO  o.s.d.r.config.RepositoryConfigurationDelegate - Multiple Spring Data modules found, entering strict repository configuration mode!
2020-04-08 17:30:11.945 [restartedMain] INFO  o.s.d.r.config.RepositoryConfigurationDelegate - Bootstrapping Spring Data repositories in DEFAULT mode.
2020-04-08 17:30:11.987 [restartedMain] INFO  o.s.d.r.config.RepositoryConfigurationDelegate - Finished Spring Data repository scanning in 27ms. Found 0 repository interfaces.
2020-04-08 17:30:12.358 [restartedMain] INFO  o.s.c.s.PostProcessorRegistrationDelegate$BeanPostProcessorChecker - Bean 'org.springframework.transaction.annotation.ProxyTransactionManagementConfiguration' of type [org.springframework.transaction.annotation.ProxyTransactionManagementConfiguration$$EnhancerBySpringCGLIB$$c77f5044] is not eligible for getting processed by all BeanPostProcessors (for example: not eligible for auto-proxying)
2020-04-08 17:30:13.494 [restartedMain] INFO  o.s.boot.web.embedded.tomcat.TomcatWebServer - Tomcat initialized with port(s): 8081 (http)
2020-04-08 17:30:13.514 [restartedMain] INFO  org.apache.coyote.http11.Http11NioProtocol - Initializing ProtocolHandler ["http-nio-8081"]
2020-04-08 17:30:13.526 [restartedMain] INFO  org.apache.catalina.core.StandardService - Starting service [Tomcat]
2020-04-08 17:30:13.526 [restartedMain] INFO  org.apache.catalina.core.StandardEngine - Starting Servlet engine: [Apache Tomcat/9.0.16]
2020-04-08 17:30:13.539 [restartedMain] INFO  org.apache.catalina.core.AprLifecycleListener - The APR based Apache Tomcat Native library which allows optimal performance in production environments was not found on the java.library.path: [E:\jdk18\jdk1.8\bin;C:\WINDOWS\Sun\Java\bin;C:\WINDOWS\system32;C:\WINDOWS;C:\Python27\;C:\Python27\Scripts;C:\ProgramData\Oracle\Java\javapath;C:\WINDOWS\system32;C:\WINDOWS;\System32\Wbem;C:\WINDOWS\System32\WindowsPowerShell\v1.0\;E:\jdk18\jdk1.8\bin;E:\MySql\MYSQL\bin;E:\ice\ice\bin;C:\WINDOWS\System32\Wbem;C:\WINDOWS\System32\OpenSSH\;E:\maven\apache-maven-3.6.0\bin;C:\Program Files\Intel\WiFi\bin\;C:\Program Files\Common Files\Intel\WirelessCommon\;E:\svn\bin;E:\SVN服务器\bin;%G;ADLE_HOME%\bin;C:\ProgramData\chocolatey\bin;E:\work\nodes\;F:\Microsoft VS Code\bin;C:\Users\zhouweipeng\AppData\Local\Microsoft\WindowsApps;C:\Users\zhouweipeng\AppData\Local\BypassRuntm;E:\work\nodes\node_global;;.]
2020-04-08 17:30:13.659 [restartedMain] INFO  o.a.c.core.ContainerBase.[Tomcat].[localhost].[/] - Initializing Spring embedded WebApplicationContext
2020-04-08 17:30:13.660 [restartedMain] INFO  org.springframework.web.context.ContextLoader - Root WebApplicationContext: initialization completed in 3156 ms
2020-04-08 17:30:13.788 [restartedMain] INFO  c.a.d.s.b.a.DruidDataSourceAutoConfigure - Init DruidDataSource
2020-04-08 17:30:14.076 [restartedMain] INFO  com.alibaba.druid.pool.DruidDataSource - {dataSource-1} inited
2020-04-08 17:30:15.022 [restartedMain] INFO  s.d.s.w.PropertySourcedRequestMappingHandlerMapping - Mapped URL path [/v2/api-docs] onto method [public org.springframework.http.ResponseEntity<springfox.documentation.spring.web.json.Json> springfox.documentation.swagger2.web.Swagger2Controller.getDocumentation(java.lang.String,javax.servlet.http.HttpServletRequest)]
2020-04-08 17:30:15.250 [restartedMain] INFO  o.s.scheduling.concurrent.ThreadPoolTaskExecutor - Initializing ExecutorService 'applicationTaskExecutor'
2020-04-08 17:30:15.277 [restartedMain] INFO  o.s.b.d.autoconfigure.OptionalLiveReloadServer - LiveReload server is running on port 35729
2020-04-08 17:30:16.222 [restartedMain] INFO  s.d.s.web.plugins.DocumentationPluginsBootstrapper - Context refreshed
2020-04-08 17:30:16.250 [restartedMain] INFO  s.d.s.web.plugins.DocumentationPluginsBootstrapper - Found 1 custom documentation plugin(s)
2020-04-08 17:30:16.287 [restartedMain] INFO  s.d.spring.web.scanners.ApiListingReferenceScanner - Scanning for api listing references
2020-04-08 17:30:16.478 [restartedMain] INFO  org.apache.coyote.http11.Http11NioProtocol - Starting ProtocolHandler ["http-nio-8081"]
2020-04-08 17:30:16.506 [restartedMain] INFO  o.s.boot.web.embedded.tomcat.TomcatWebServer - Tomcat started on port(s): 8081 (http) with context path ''
2020-04-08 17:30:16.509 [restartedMain] INFO  com.atguigu.serviceedu.EduApplication - Started EduApplication in 6.729 seconds (JVM running for 7.375)
2020-04-08 17:30:41.774 [http-nio-8081-exec-2] INFO  o.a.c.core.ContainerBase.[Tomcat].[localhost].[/] - Initializing Spring DispatcherServlet 'dispatcherServlet'
2020-04-08 17:30:41.775 [http-nio-8081-exec-2] INFO  org.springframework.web.servlet.DispatcherServlet - Initializing Servlet 'dispatcherServlet'
2020-04-08 17:30:41.786 [http-nio-8081-exec-2] INFO  org.springframework.web.servlet.DispatcherServlet - Completed initialization in 11 ms
2020-04-08 17:31:08.816 [Thread-5] INFO  o.s.scheduling.concurrent.ThreadPoolTaskExecutor - Shutting down ExecutorService 'applicationTaskExecutor'
2020-04-08 17:31:08.827 [Thread-5] INFO  com.alibaba.druid.pool.DruidDataSource - {dataSource-1} closed
2020-04-08 17:31:09.824 [restartedMain] INFO  com.atguigu.serviceedu.EduApplication - Starting EduApplication on DESKTOP-Q1IK3TI with PID 44016 (E:\springboot-resource\atguigus\guli_parent\service\service_edu\target\classes started by zhouweipeng in E:\springboot-resource\atguigus\guli_parent)
2020-04-08 17:31:09.824 [restartedMain] INFO  com.atguigu.serviceedu.EduApplication - The following profiles are active: dev
2020-04-08 17:31:10.321 [restartedMain] INFO  o.s.d.r.config.RepositoryConfigurationDelegate - Multiple Spring Data modules found, entering strict repository configuration mode!
2020-04-08 17:31:10.322 [restartedMain] INFO  o.s.d.r.config.RepositoryConfigurationDelegate - Bootstrapping Spring Data repositories in DEFAULT mode.
2020-04-08 17:31:10.323 [restartedMain] INFO  o.s.d.r.config.RepositoryConfigurationDelegate - Finished Spring Data repository scanning in 1ms. Found 0 repository interfaces.
2020-04-08 17:31:10.408 [restartedMain] INFO  o.s.c.s.PostProcessorRegistrationDelegate$BeanPostProcessorChecker - Bean 'org.springframework.transaction.annotation.ProxyTransactionManagementConfiguration' of type [org.springframework.transaction.annotation.ProxyTransactionManagementConfiguration$$EnhancerBySpringCGLIB$$c77f5044] is not eligible for getting processed by all BeanPostProcessors (for example: not eligible for auto-proxying)
2020-04-08 17:31:10.527 [restartedMain] INFO  o.s.boot.web.embedded.tomcat.TomcatWebServer - Tomcat initialized with port(s): 8081 (http)
2020-04-08 17:31:10.527 [restartedMain] INFO  org.apache.coyote.http11.Http11NioProtocol - Initializing ProtocolHandler ["http-nio-8081"]
2020-04-08 17:31:10.528 [restartedMain] INFO  org.apache.catalina.core.StandardService - Starting service [Tomcat]
2020-04-08 17:31:10.528 [restartedMain] INFO  org.apache.catalina.core.StandardEngine - Starting Servlet engine: [Apache Tomcat/9.0.16]
2020-04-08 17:31:10.555 [restartedMain] INFO  o.a.c.core.ContainerBase.[Tomcat].[localhost].[/] - Initializing Spring embedded WebApplicationContext
2020-04-08 17:31:10.555 [restartedMain] INFO  org.springframework.web.context.ContextLoader - Root WebApplicationContext: initialization completed in 727 ms
2020-04-08 17:31:10.635 [restartedMain] INFO  o.s.scheduling.concurrent.ThreadPoolTaskExecutor - Initializing ExecutorService 'applicationTaskExecutor'
2020-04-08 17:31:10.693 [restartedMain] INFO  c.a.d.s.b.a.DruidDataSourceAutoConfigure - Init DruidDataSource
2020-04-08 17:31:10.898 [restartedMain] INFO  com.alibaba.druid.pool.DruidDataSource - {dataSource-2} inited
2020-04-08 17:31:11.302 [restartedMain] INFO  o.s.b.d.autoconfigure.OptionalLiveReloadServer - LiveReload server is running on port 35729
2020-04-08 17:31:11.314 [restartedMain] INFO  org.apache.coyote.http11.Http11NioProtocol - Starting ProtocolHandler ["http-nio-8081"]
2020-04-08 17:31:11.319 [restartedMain] INFO  o.s.boot.web.embedded.tomcat.TomcatWebServer - Tomcat started on port(s): 8081 (http) with context path ''
2020-04-08 17:31:11.319 [restartedMain] INFO  com.atguigu.serviceedu.EduApplication - Started EduApplication in 1.601 seconds (JVM running for 62.186)
2020-04-08 17:31:11.326 [restartedMain] INFO  o.s.b.d.a.ConditionEvaluationDeltaLoggingListener - Condition evaluation delta:


==========================
CONDITION EVALUATION DELTA
==========================


Positive matches:
-----------------

   MybatisPlusAutoConfiguration.MapperScannerRegistrarNotFoundConfiguration matched:
      - @ConditionalOnMissingBean (types: org.mybatis.spring.mapper.MapperFactoryBean; SearchStrategy: all) did not find any beans (OnBeanCondition)


Negative matches:
-----------------

    None


Exclusions:
-----------

    None


Unconditional classes:
----------------------

    None



2020-04-08 17:31:14.355 [http-nio-8081-exec-1] INFO  o.a.c.core.ContainerBase.[Tomcat].[localhost].[/] - Initializing Spring DispatcherServlet 'dispatcherServlet'
2020-04-08 17:31:14.355 [http-nio-8081-exec-1] INFO  org.springframework.web.servlet.DispatcherServlet - Initializing Servlet 'dispatcherServlet'
2020-04-08 17:31:14.360 [http-nio-8081-exec-1] INFO  org.springframework.web.servlet.DispatcherServlet - Completed initialization in 4 ms
2020-04-08 17:31:15.511 [Thread-10] INFO  com.alibaba.druid.pool.DruidDataSource - {dataSource-2} closed
2020-04-08 17:31:15.511 [Thread-10] INFO  o.s.scheduling.concurrent.ThreadPoolTaskExecutor - Shutting down ExecutorService 'applicationTaskExecutor'
2020-04-08 17:31:16.879 [restartedMain] INFO  com.atguigu.serviceedu.EduApplication - Starting EduApplication on DESKTOP-Q1IK3TI with PID 44016 (E:\springboot-resource\atguigus\guli_parent\service\service_edu\target\classes started by zhouweipeng in E:\springboot-resource\atguigus\guli_parent)
2020-04-08 17:31:16.880 [restartedMain] INFO  com.atguigu.serviceedu.EduApplication - The following profiles are active: dev
2020-04-08 17:31:17.668 [restartedMain] INFO  o.s.d.r.config.RepositoryConfigurationDelegate - Multiple Spring Data modules found, entering strict repository configuration mode!
2020-04-08 17:31:17.668 [restartedMain] INFO  o.s.d.r.config.RepositoryConfigurationDelegate - Bootstrapping Spring Data repositories in DEFAULT mode.
2020-04-08 17:31:17.696 [restartedMain] INFO  o.s.d.r.config.RepositoryConfigurationDelegate - Finished Spring Data repository scanning in 26ms. Found 0 repository interfaces.
2020-04-08 17:31:17.797 [restartedMain] INFO  o.s.c.s.PostProcessorRegistrationDelegate$BeanPostProcessorChecker - Bean 'org.springframework.transaction.annotation.ProxyTransactionManagementConfiguration' of type [org.springframework.transaction.annotation.ProxyTransactionManagementConfiguration$$EnhancerBySpringCGLIB$$c77f5044] is not eligible for getting processed by all BeanPostProcessors (for example: not eligible for auto-proxying)
2020-04-08 17:31:17.895 [restartedMain] INFO  o.s.boot.web.embedded.tomcat.TomcatWebServer - Tomcat initialized with port(s): 8081 (http)
2020-04-08 17:31:17.896 [restartedMain] INFO  org.apache.coyote.http11.Http11NioProtocol - Initializing ProtocolHandler ["http-nio-8081"]
2020-04-08 17:31:17.897 [restartedMain] INFO  org.apache.catalina.core.StandardService - Starting service [Tomcat]
2020-04-08 17:31:17.897 [restartedMain] INFO  org.apache.catalina.core.StandardEngine - Starting Servlet engine: [Apache Tomcat/9.0.16]
2020-04-08 17:31:17.924 [restartedMain] INFO  o.a.c.core.ContainerBase.[Tomcat].[localhost].[/] - Initializing Spring embedded WebApplicationContext
2020-04-08 17:31:17.925 [restartedMain] INFO  org.springframework.web.context.ContextLoader - Root WebApplicationContext: initialization completed in 1035 ms
2020-04-08 17:31:17.958 [restartedMain] INFO  c.a.d.s.b.a.DruidDataSourceAutoConfigure - Init DruidDataSource
2020-04-08 17:31:18.012 [restartedMain] INFO  com.alibaba.druid.pool.DruidDataSource - {dataSource-3} inited
2020-04-08 17:31:18.401 [restartedMain] INFO  s.d.s.w.PropertySourcedRequestMappingHandlerMapping - Mapped URL path [/v2/api-docs] onto method [public org.springframework.http.ResponseEntity<springfox.documentation.spring.web.json.Json> springfox.documentation.swagger2.web.Swagger2Controller.getDocumentation(java.lang.String,javax.servlet.http.HttpServletRequest)]
2020-04-08 17:31:18.450 [restartedMain] INFO  o.s.scheduling.concurrent.ThreadPoolTaskExecutor - Initializing ExecutorService 'applicationTaskExecutor'
2020-04-08 17:31:18.455 [restartedMain] INFO  o.s.b.d.autoconfigure.OptionalLiveReloadServer - LiveReload server is running on port 35729
2020-04-08 17:31:18.860 [restartedMain] INFO  s.d.s.web.plugins.DocumentationPluginsBootstrapper - Context refreshed
2020-04-08 17:31:18.861 [restartedMain] INFO  s.d.s.web.plugins.DocumentationPluginsBootstrapper - Found 1 custom documentation plugin(s)
2020-04-08 17:31:18.865 [restartedMain] INFO  s.d.spring.web.scanners.ApiListingReferenceScanner - Scanning for api listing references
2020-04-08 17:31:18.908 [restartedMain] INFO  org.apache.coyote.http11.Http11NioProtocol - Starting ProtocolHandler ["http-nio-8081"]
2020-04-08 17:31:18.912 [restartedMain] INFO  o.s.boot.web.embedded.tomcat.TomcatWebServer - Tomcat started on port(s): 8081 (http) with context path ''
2020-04-08 17:31:18.912 [restartedMain] INFO  com.atguigu.serviceedu.EduApplication - Started EduApplication in 2.098 seconds (JVM running for 69.778)
2020-04-08 17:31:18.914 [restartedMain] INFO  o.s.b.d.a.ConditionEvaluationDeltaLoggingListener - Condition evaluation delta:


==========================
CONDITION EVALUATION DELTA
==========================


Positive matches:
-----------------

    None


Negative matches:
-----------------

   MybatisPlusAutoConfiguration.MapperScannerRegistrarNotFoundConfiguration:
      Did not match:
         - @ConditionalOnMissingBean (types: org.mybatis.spring.mapper.MapperFactoryBean; SearchStrategy: all) found beans of type 'org.mybatis.spring.mapper.MapperFactoryBean' &eduCourseDescriptionMapper, &eduVideoMapper, &eduCommentMapper, &eduSubjectMapper, &eduCourseMapper, &eduTeacherMapper, &eduChapterMapper, &eduCourseCollectMapper (OnBeanCondition)


Exclusions:
-----------

    None


Unconditional classes:
----------------------

    None



2020-04-08 17:31:34.436 [Thread-16] INFO  o.s.scheduling.concurrent.ThreadPoolTaskExecutor - Shutting down ExecutorService 'applicationTaskExecutor'
2020-04-08 17:31:34.444 [Thread-16] INFO  com.alibaba.druid.pool.DruidDataSource - {dataSource-3} closed
2020-04-08 17:31:35.280 [restartedMain] INFO  com.atguigu.serviceedu.EduApplication - Starting EduApplication on DESKTOP-Q1IK3TI with PID 44016 (E:\springboot-resource\atguigus\guli_parent\service\service_edu\target\classes started by zhouweipeng in E:\springboot-resource\atguigus\guli_parent)
2020-04-08 17:31:35.280 [restartedMain] INFO  com.atguigu.serviceedu.EduApplication - The following profiles are active: dev
2020-04-08 17:31:36.263 [restartedMain] INFO  o.s.d.r.config.RepositoryConfigurationDelegate - Multiple Spring Data modules found, entering strict repository configuration mode!
2020-04-08 17:31:36.265 [restartedMain] INFO  o.s.d.r.config.RepositoryConfigurationDelegate - Bootstrapping Spring Data repositories in DEFAULT mode.
2020-04-08 17:31:36.284 [restartedMain] INFO  o.s.d.r.config.RepositoryConfigurationDelegate - Finished Spring Data repository scanning in 19ms. Found 0 repository interfaces.
2020-04-08 17:31:36.378 [restartedMain] INFO  o.s.c.s.PostProcessorRegistrationDelegate$BeanPostProcessorChecker - Bean 'org.springframework.transaction.annotation.ProxyTransactionManagementConfiguration' of type [org.springframework.transaction.annotation.ProxyTransactionManagementConfiguration$$EnhancerBySpringCGLIB$$c77f5044] is not eligible for getting processed by all BeanPostProcessors (for example: not eligible for auto-proxying)
2020-04-08 17:31:36.489 [restartedMain] INFO  o.s.boot.web.embedded.tomcat.TomcatWebServer - Tomcat initialized with port(s): 8081 (http)
2020-04-08 17:31:36.491 [restartedMain] INFO  org.apache.coyote.http11.Http11NioProtocol - Initializing ProtocolHandler ["http-nio-8081"]
2020-04-08 17:31:36.492 [restartedMain] INFO  org.apache.catalina.core.StandardService - Starting service [Tomcat]
2020-04-08 17:31:36.493 [restartedMain] INFO  org.apache.catalina.core.StandardEngine - Starting Servlet engine: [Apache Tomcat/9.0.16]
2020-04-08 17:31:36.544 [restartedMain] INFO  o.a.c.core.ContainerBase.[Tomcat].[localhost].[/] - Initializing Spring embedded WebApplicationContext
2020-04-08 17:31:36.544 [restartedMain] INFO  org.springframework.web.context.ContextLoader - Root WebApplicationContext: initialization completed in 1261 ms
2020-04-08 17:31:36.589 [restartedMain] INFO  c.a.d.s.b.a.DruidDataSourceAutoConfigure - Init DruidDataSource
2020-04-08 17:31:36.670 [restartedMain] INFO  com.alibaba.druid.pool.DruidDataSource - {dataSource-4} inited
2020-04-08 17:31:37.206 [restartedMain] INFO  s.d.s.w.PropertySourcedRequestMappingHandlerMapping - Mapped URL path [/v2/api-docs] onto method [public org.springframework.http.ResponseEntity<springfox.documentation.spring.web.json.Json> springfox.documentation.swagger2.web.Swagger2Controller.getDocumentation(java.lang.String,javax.servlet.http.HttpServletRequest)]
2020-04-08 17:31:37.254 [restartedMain] INFO  o.s.scheduling.concurrent.ThreadPoolTaskExecutor - Initializing ExecutorService 'applicationTaskExecutor'
2020-04-08 17:31:37.259 [restartedMain] INFO  o.s.b.d.autoconfigure.OptionalLiveReloadServer - LiveReload server is running on port 35729
2020-04-08 17:31:37.670 [restartedMain] INFO  s.d.s.web.plugins.DocumentationPluginsBootstrapper - Context refreshed
2020-04-08 17:31:37.671 [restartedMain] INFO  s.d.s.web.plugins.DocumentationPluginsBootstrapper - Found 1 custom documentation plugin(s)
2020-04-08 17:31:37.677 [restartedMain] INFO  s.d.spring.web.scanners.ApiListingReferenceScanner - Scanning for api listing references
2020-04-08 17:31:37.726 [restartedMain] INFO  org.apache.coyote.http11.Http11NioProtocol - Starting ProtocolHandler ["http-nio-8081"]
2020-04-08 17:31:37.731 [restartedMain] INFO  o.s.boot.web.embedded.tomcat.TomcatWebServer - Tomcat started on port(s): 8081 (http) with context path ''
2020-04-08 17:31:37.731 [restartedMain] INFO  com.atguigu.serviceedu.EduApplication - Started EduApplication in 2.509 seconds (JVM running for 88.597)
2020-04-08 17:31:37.733 [restartedMain] INFO  o.s.b.d.a.ConditionEvaluationDeltaLoggingListener - Condition evaluation unchanged
2020-04-08 17:31:45.367 [http-nio-8081-exec-1] INFO  o.a.c.core.ContainerBase.[Tomcat].[localhost].[/] - Initializing Spring DispatcherServlet 'dispatcherServlet'
2020-04-08 17:31:45.368 [http-nio-8081-exec-1] INFO  org.springframework.web.servlet.DispatcherServlet - Initializing Servlet 'dispatcherServlet'
2020-04-08 17:31:45.371 [http-nio-8081-exec-1] INFO  org.springframework.web.servlet.DispatcherServlet - Completed initialization in 3 ms
